<?xml version="1.0" encoding="UTF-8"?>
<!-- Generated by org.testng.reporters.JUnitXMLReporter -->
<testsuite ignored="0" hostname="m-q6g41q0rdc" failures="4" tests="23" name="Surefire test" time="39.961" errors="0" timestamp="2025-10-04T20:15:39 IST">
  <testcase classname="DeleteUserWithPOJO.DeleteUserUsingPOJOTest" name="updateUserTest" time="3.045"/>
  <testcase classname="CreateUserWithPOJO.CreateUserUsingPOJOTest" name="createUserTest" time="0.775"/>
  <testcase classname="UpdateUserWithPOJO.UpdateUserUsingPOJOTest" name="updateUserTest" time="1.99"/>
  <testcase classname="GETAPIWithNonBDD.GetContactsAPITest" name="getContactsTest" time="2.143"/>
  <testcase classname="POSTAPIWithDifferentBodyTypes.POSTAPIWithDifferentBodyTest" name="bodyWithFormDataMultipPartTest" time="4.339"/>
  <testcase classname="POSTAPIWithDifferentBodyTypes.POSTAPIWithDifferentBodyTest" name="bodyWithHTMLTest" time="2.318"/>
  <testcase classname="POSTAPIWithDifferentBodyTypes.POSTAPIWithDifferentBodyTest" name="bodyWithJSONTest" time="0.416"/>
  <testcase classname="POSTAPIWithDifferentBodyTypes.POSTAPIWithDifferentBodyTest" name="bodyWithSingleCSVFileTest" time="4.027"/>
  <testcase classname="POSTAPIWithDifferentBodyTypes.POSTAPIWithDifferentBodyTest" name="bodyWithSinglePDFFileTest" time="3.799"/>
  <testcase classname="POSTAPIWithDifferentBodyTypes.POSTAPIWithDifferentBodyTest" name="bodyWithSingleXLSxFileTest" time="2.915"/>
  <testcase classname="POSTAPIWithDifferentBodyTypes.POSTAPIWithDifferentBodyTest" name="bodyWithTextTest" time="1.838"/>
  <testcase classname="POSTAPIWithDifferentBodyTypes.POSTAPIWithDifferentBodyTest" name="bodyWithXMLTest" time="2.214"/>
  <testcase classname="GetAPIwithBDD.GetRestAPIBDDTest" name="authTest" time="0.335"/>
  <testcase classname="GetAPIwithBDD.GetRestAPIBDDTest" name="getSingleUserTest" time="0.518">
    <failure type="java.lang.AssertionError" message="expected [200] but found [404]">
      <![CDATA[java.lang.AssertionError: expected [200] but found [404]
at GetAPIwithBDD.GetRestAPIBDDTest.getSingleUserTest(GetRestAPIBDDTest.java:30)
at java.base/java.util.ArrayList.forEach(ArrayList.java:1511)
... Removed 39 stack frames]]>
    </failure>
  </testcase> <!-- getSingleUserTest -->
  <testcase classname="GetAPIwithBDD.ContactsAPITest" name="getAllContactsTest" time="1.972">
    <failure type="java.lang.AssertionError" message="1 expectation failed.
Expected status code &amp;lt;200&amp;gt; but was &amp;lt;401&amp;gt;.
">
      <![CDATA[java.lang.AssertionError: 1 expectation failed.
Expected status code <200> but was <401>.

at org.codehaus.groovy.runtime.callsite.ConstructorSite$ConstructorSiteNoUnwrapNoCoerce.callConstructor(ConstructorSite.java:108)
at org.codehaus.groovy.runtime.callsite.CallSiteArray.defaultCallConstructor(CallSiteArray.java:57)
at org.codehaus.groovy.runtime.callsite.AbstractCallSite.callConstructor(AbstractCallSite.java:263)
at org.codehaus.groovy.runtime.callsite.AbstractCallSite.callConstructor(AbstractCallSite.java:277)
at io.restassured.internal.ResponseSpecificationImpl$HamcrestAssertionClosure.validate(ResponseSpecificationImpl.groovy:512)
at io.restassured.internal.ResponseSpecificationImpl$HamcrestAssertionClosure$validate$1.call(Unknown Source)
at io.restassured.internal.ResponseSpecificationImpl.validateResponseIfRequired(ResponseSpecificationImpl.groovy:696)
at io.restassured.internal.ResponseSpecificationImpl.this$2$validateResponseIfRequired(ResponseSpecificationImpl.groovy)
at org.codehaus.groovy.runtime.callsite.PlainObjectMetaMethodSite.doInvoke(PlainObjectMetaMethodSite.java:43)
at org.codehaus.groovy.runtime.callsite.PogoMetaMethodSite$PogoCachedMethodSiteNoUnwrapNoCoerce.invoke(PogoMetaMethodSite.java:198)
at org.codehaus.groovy.runtime.callsite.PogoMetaMethodSite.callCurrent(PogoMetaMethodSite.java:62)
at org.codehaus.groovy.runtime.callsite.AbstractCallSite.callCurrent(AbstractCallSite.java:185)
at io.restassured.internal.ResponseSpecificationImpl.statusCode(ResponseSpecificationImpl.groovy:135)
at io.restassured.specification.ResponseSpecification$statusCode$0.callCurrent(Unknown Source)
at io.restassured.internal.ResponseSpecificationImpl.statusCode(ResponseSpecificationImpl.groovy:143)
at io.restassured.internal.ValidatableResponseOptionsImpl.statusCode(ValidatableResponseOptionsImpl.java:89)
at GetAPIwithBDD.ContactsAPITest.getAllContactsTest(ContactsAPITest.java:24)
at java.base/java.util.ArrayList.forEach(ArrayList.java:1511)
... Removed 41 stack frames]]>
    </failure>
  </testcase> <!-- getAllContactsTest -->
  <testcase classname="GetAPIwithBDD.ContactsAPITest" name="getAuthErrorMessageTest" time="1.922"/>
  <testcase classname="GetAPIwithBDD.ContactsAPITest" name="getAuthErrorTest" time="1.939"/>
  <testcase classname="GetAPIwithBDD.GoRestAPIsTest" name="getAllUsersTest" time="0.599"/>
  <testcase classname="GetAPIwithBDD.GoRestAPIsTest" name="getSingleUsersTest" time="0.676">
    <failure type="java.lang.AssertionError" message="expected [200] but found [404]">
      <![CDATA[java.lang.AssertionError: expected [200] but found [404]
at GetAPIwithBDD.GoRestAPIsTest.getSingleUsersTest(GoRestAPIsTest.java:33)
at java.base/java.util.ArrayList.forEach(ArrayList.java:1511)
... Removed 39 stack frames]]>
    </failure>
  </testcase> <!-- getSingleUsersTest -->
  <testcase classname="POSTAPITests.CreateUserAPITest" name="createUserWithJsonFileTest" time="0.43">
    <failure type="java.lang.AssertionError" message="1 expectation failed.
Expected status code &amp;lt;201&amp;gt; but was &amp;lt;422&amp;gt;.
">
      <![CDATA[java.lang.AssertionError: 1 expectation failed.
Expected status code <201> but was <422>.

at org.codehaus.groovy.runtime.callsite.ConstructorSite$ConstructorSiteNoUnwrapNoCoerce.callConstructor(ConstructorSite.java:108)
at org.codehaus.groovy.runtime.callsite.AbstractCallSite.callConstructor(AbstractCallSite.java:277)
at io.restassured.internal.ResponseSpecificationImpl$HamcrestAssertionClosure.validate(ResponseSpecificationImpl.groovy:512)
at io.restassured.internal.ResponseSpecificationImpl$HamcrestAssertionClosure$validate$1.call(Unknown Source)
at io.restassured.internal.ResponseSpecificationImpl.validateResponseIfRequired(ResponseSpecificationImpl.groovy:696)
at io.restassured.internal.ResponseSpecificationImpl.this$2$validateResponseIfRequired(ResponseSpecificationImpl.groovy)
at org.codehaus.groovy.runtime.callsite.PlainObjectMetaMethodSite.doInvoke(PlainObjectMetaMethodSite.java:43)
at org.codehaus.groovy.runtime.callsite.PogoMetaMethodSite$PogoCachedMethodSiteNoUnwrapNoCoerce.invoke(PogoMetaMethodSite.java:198)
at org.codehaus.groovy.runtime.callsite.PogoMetaMethodSite.callCurrent(PogoMetaMethodSite.java:62)
at org.codehaus.groovy.runtime.callsite.AbstractCallSite.callCurrent(AbstractCallSite.java:185)
at io.restassured.internal.ResponseSpecificationImpl.statusCode(ResponseSpecificationImpl.groovy:135)
at io.restassured.specification.ResponseSpecification$statusCode$0.callCurrent(Unknown Source)
at io.restassured.internal.ResponseSpecificationImpl.statusCode(ResponseSpecificationImpl.groovy:143)
at io.restassured.internal.ValidatableResponseOptionsImpl.statusCode(ValidatableResponseOptionsImpl.java:89)
at POSTAPITests.CreateUserAPITest.createUserWithJsonFileTest(CreateUserAPITest.java:66)
at java.base/java.util.ArrayList.forEach(ArrayList.java:1511)
... Removed 41 stack frames]]>
    </failure>
  </testcase> <!-- createUserWithJsonFileTest -->
  <testcase classname="POSTAPITests.CreateUserAPITest" name="createUserWithJsonFileWithEmailReplacementTest" time="0.421"/>
  <testcase classname="POSTAPITests.CreateUserAPITest" name="createUserWithJsonStringTest" time="0.439"/>
  <testcase classname="CreateUserWithPostAPI.CreateUserAPITest" name="createAUserTest" time="0.855"/>
</testsuite> <!-- Surefire test -->
