<?xml version="1.0" encoding="UTF-8"?>
<testsuite xmlns:xsi="http://www.w3.org/2001/XMLSchema-instance" xsi:noNamespaceSchemaLocation="https://maven.apache.org/surefire/maven-surefire-plugin/xsd/surefire-test-report-3.0.xsd" version="3.0" name="TestSuite" time="40.644" tests="23" errors="0" skipped="0" failures="4">
  <properties>
[...]
</properties>
  <testcase name="updateUserTest" classname="DeleteUserWithPOJO.DeleteUserUsingPOJOTest" time="3.046">
    <system-out><![CDATA[----------------------1. POST CALL ----------------------
Request method:	POST
Request URI:	https://gorest.co.in/public/v2/users
Proxy:			<none>
Request params:	<none>
Query params:	<none>
Form params:	<none>
Path params:	<none>
Headers:		Authorization=Bearer d0bf1714ac04c10dd2982e009d2dffe694a8e0b53af518cb7370e41e046a72f6
				Accept=*/*
				Content-Type=application/json
Cookies:		<none>
Multiparts:		<none>
Body:
{
    "name": "Amit",
    "email": "apiautomation1759589098759@opencart.com",
    "gender": "male",
    "status": "active"
}
HTTP/1.1 201 Created
Date: Sat, 04 Oct 2025 14:45:00 GMT
Content-Type: application/json; charset=utf-8
Content-Length: 112
Connection: keep-alive
Cache-Control: max-age=0, private, must-revalidate
etag: W/"e46aac999d670b38f039b091ed30e06e"
feature-policy: camera 'none'; gyroscope 'none'; microphone 'none'; usb 'none'; fullscreen 'self'
location: https://gorest.co.in/public/v2/users/8166959
referrer-policy: strict-origin-when-cross-origin
vary: Origin
x-content-type-options: nosniff
x-download-options: noopen
x-frame-options: SAMEORIGIN
x-permitted-cross-domain-policies: none
x-ratelimit-limit: 90
x-ratelimit-remaining: 89
x-ratelimit-reset: 1
x-request-id: 2d7e4686-24e7-4599-8a09-d462cbd10fc0
x-runtime: 0.057910
x-xss-protection: 0
cf-cache-status: DYNAMIC
Nel: {"report_to":"cf-nel","success_fraction":0.0,"max_age":604800}
Report-To: {"group":"cf-nel","max_age":604800,"endpoints":[{"url":"https://a.nel.cloudflare.com/report/v4?s=lotW4WtjTMMufJWOfJKPhMsIynoH1dCnUxpOJz5W6avRqX7OAoN%2B918n45nN%2Fx6wuJUNMWX2zLwNR07Fl05RtFm5GbkcdED1HIg%3D"}]}
Server: cloudflare
CF-RAY: 989575e24afeec6a-SIN
alt-svc: h3=":443"; ma=86400

{
    "id": 8166959,
    "name": "Amit",
    "email": "apiautomation1759589098759@opencart.com",
    "gender": "male",
    "status": "active"
}
user id : 8166959
----------------------2. GET CALL ----------------------
Request method:	GET
Request URI:	https://gorest.co.in/public/v2/users/8166959
Proxy:			<none>
Request params:	<none>
Query params:	<none>
Form params:	<none>
Path params:	<none>
Headers:		Authorization=Bearer d0bf1714ac04c10dd2982e009d2dffe694a8e0b53af518cb7370e41e046a72f6
				Accept=*/*
Cookies:		<none>
Multiparts:		<none>
Body:			<none>
HTTP/1.1 200 OK
Date: Sat, 04 Oct 2025 14:45:00 GMT
Content-Type: application/json; charset=utf-8
Transfer-Encoding: chunked
Connection: keep-alive
Cache-Control: max-age=0, private, must-revalidate
etag: W/"e46aac999d670b38f039b091ed30e06e"
feature-policy: camera 'none'; gyroscope 'none'; microphone 'none'; usb 'none'; fullscreen 'self'
referrer-policy: strict-origin-when-cross-origin
vary: Origin
x-content-type-options: nosniff
x-download-options: noopen
x-frame-options: SAMEORIGIN
x-permitted-cross-domain-policies: none
x-ratelimit-limit: 90
x-ratelimit-remaining: 89
x-ratelimit-reset: 1
x-request-id: 14e0b435-7aa1-4a53-abc3-e7f8835015c7
x-runtime: 0.036530
x-xss-protection: 0
cf-cache-status: DYNAMIC
Nel: {"report_to":"cf-nel","success_fraction":0.0,"max_age":604800}
Report-To: {"group":"cf-nel","max_age":604800,"endpoints":[{"url":"https://a.nel.cloudflare.com/report/v4?s=OMlWCi6lPLCzl6g%2Fazfrjuu6xwrBLLmNusglpQNsR7C%2FD1BIAzM7nrxBWHV3%2BzLpOE7Hv9VW1%2BYnI19Uc5oRDrFIbwIkkgToccCRWg%3D%3D"}]}
Content-Encoding: gzip
Server: cloudflare
CF-RAY: 989575e74b2d9c5c-SIN
alt-svc: h3=":443"; ma=86400

{
    "id": 8166959,
    "name": "Amit",
    "email": "apiautomation1759589098759@opencart.com",
    "gender": "male",
    "status": "active"
}
----------------------3. DELETE CALL ----------------------
Request method:	DELETE
Request URI:	https://gorest.co.in/public/v2/users/8166959
Proxy:			<none>
Request params:	<none>
Query params:	<none>
Form params:	<none>
Path params:	<none>
Headers:		Authorization=Bearer d0bf1714ac04c10dd2982e009d2dffe694a8e0b53af518cb7370e41e046a72f6
				Accept=*/*
Cookies:		<none>
Multiparts:		<none>
Body:			<none>
HTTP/1.1 204 No Content
Date: Sat, 04 Oct 2025 14:45:01 GMT
Connection: keep-alive
Cache-Control: no-cache
feature-policy: camera 'none'; gyroscope 'none'; microphone 'none'; usb 'none'; fullscreen 'self'
referrer-policy: strict-origin-when-cross-origin
vary: Origin
x-content-type-options: nosniff
x-download-options: noopen
x-frame-options: SAMEORIGIN
x-permitted-cross-domain-policies: none
x-ratelimit-limit: 90
x-ratelimit-remaining: 89
x-ratelimit-reset: 2
x-request-id: a1be0157-d14b-43fb-8131-f2a2b3db544a
x-runtime: 0.064134
x-xss-protection: 0
cf-cache-status: DYNAMIC
Report-To: {"group":"cf-nel","max_age":604800,"endpoints":[{"url":"https://a.nel.cloudflare.com/report/v4?s=oG7DQKfdOjovPm1ER9c4l8MHQOcJvCewwQS6z85I6Pk8fYg8L8ZOSrR6k69xSOw%2FtMg%2FVlaN%2Bc4B3T2qqDiFeuicGPYQjF9DPVGkYA%3D%3D"}]}
Nel: {"report_to":"cf-nel","success_fraction":0.0,"max_age":604800}
Server: cloudflare
CF-RAY: 989575ea3c527b65-SIN
alt-svc: h3=":443"; ma=86400
----------------------4. GET CALL ----------------------
Request method:	GET
Request URI:	https://gorest.co.in/public/v2/users/8166959
Proxy:			<none>
Request params:	<none>
Query params:	<none>
Form params:	<none>
Path params:	<none>
Headers:		Authorization=Bearer d0bf1714ac04c10dd2982e009d2dffe694a8e0b53af518cb7370e41e046a72f6
				Accept=*/*
Cookies:		<none>
Multiparts:		<none>
Body:			<none>
HTTP/1.1 404 Not Found
Date: Sat, 04 Oct 2025 14:45:01 GMT
Content-Type: application/json; charset=utf-8
Transfer-Encoding: chunked
Connection: keep-alive
Cache-Control: no-cache
feature-policy: camera 'none'; gyroscope 'none'; microphone 'none'; usb 'none'; fullscreen 'self'
referrer-policy: strict-origin-when-cross-origin
vary: Origin
x-content-type-options: nosniff
x-download-options: noopen
x-frame-options: SAMEORIGIN
x-permitted-cross-domain-policies: none
x-ratelimit-limit: 90
x-ratelimit-remaining: 88
x-ratelimit-reset: 2
x-request-id: 6c18c6f6-106c-4af1-83c2-e99caf5b8688
x-runtime: 0.032263
x-xss-protection: 0
cf-cache-status: DYNAMIC
Nel: {"report_to":"cf-nel","success_fraction":0.0,"max_age":604800}
Report-To: {"group":"cf-nel","max_age":604800,"endpoints":[{"url":"https://a.nel.cloudflare.com/report/v4?s=h8zUtSjA8I2T%2FznbXaS7zzDgJN39rqdDBh8OMiRGz22bwC8PoRJ6bFNEjw6w%2F3nnL43XXEGIaDr%2BdRVlkjbxe5dpsjpgVxoGXiunVA%3D%3D"}]}
Content-Encoding: gzip
Server: cloudflare
CF-RAY: 989575eccf04fdbb-SIN
alt-svc: h3=":443"; ma=86400

{
    "message": "Resource not found"
}
]]></system-out>
    <system-err><![CDATA[SLF4J: Failed to load class "org.slf4j.impl.StaticLoggerBinder".
SLF4J: Defaulting to no-operation (NOP) logger implementation
SLF4J: See http://www.slf4j.org/codes.html#StaticLoggerBinder for further details.
]]></system-err>
  </testcase>
  <testcase name="createUserTest" classname="CreateUserWithPOJO.CreateUserUsingPOJOTest" time="0.776">
    <system-out><![CDATA[Request method:	POST
Request URI:	https://gorest.co.in/public/v2/users
Proxy:			<none>
Request params:	<none>
Query params:	<none>
Form params:	<none>
Path params:	<none>
Headers:		Authorization=Bearer d0bf1714ac04c10dd2982e009d2dffe694a8e0b53af518cb7370e41e046a72f6
				Accept=*/*
				Content-Type=application/json
Cookies:		<none>
Multiparts:		<none>
Body:
{
    "name": "Prakhar",
    "email": "apiautomation1759589101664@opencart.com",
    "gender": "male",
    "status": "active"
}
HTTP/1.1 201 Created
Date: Sat, 04 Oct 2025 14:45:02 GMT
Content-Type: application/json; charset=utf-8
Content-Length: 115
Connection: keep-alive
Cache-Control: max-age=0, private, must-revalidate
etag: W/"8bae4e57ecacb4693b2f0959c5fb1fb4"
feature-policy: camera 'none'; gyroscope 'none'; microphone 'none'; usb 'none'; fullscreen 'self'
location: https://gorest.co.in/public/v2/users/8166960
referrer-policy: strict-origin-when-cross-origin
vary: Origin
x-content-type-options: nosniff
x-download-options: noopen
x-frame-options: SAMEORIGIN
x-permitted-cross-domain-policies: none
x-ratelimit-limit: 90
x-ratelimit-remaining: 87
x-ratelimit-reset: 3
x-request-id: a83835c9-0ea9-44d5-b4cf-ec35fd0c9849
x-runtime: 0.051265
x-xss-protection: 0
cf-cache-status: DYNAMIC
Nel: {"report_to":"cf-nel","success_fraction":0.0,"max_age":604800}
Report-To: {"group":"cf-nel","max_age":604800,"endpoints":[{"url":"https://a.nel.cloudflare.com/report/v4?s=31OAC752HNtC5ZiiMOmEgFODUn5y4adOnirZC%2BMkwVo93OmtGEi%2BHbgU8wKhuvd2vIdxMFxtxs3HFCEVDpRQc1G3Px2GIDtOfBCXmg%3D%3D"}]}
Server: cloudflare
CF-RAY: 989575f09dd22739-SIN
alt-svc: h3=":443"; ma=86400

{
    "id": 8166960,
    "name": "Prakhar",
    "email": "apiautomation1759589101664@opencart.com",
    "gender": "male",
    "status": "active"
}
user id : 8166960
----------------------GET CALL ----------------------
Request method:	GET
Request URI:	https://gorest.co.in/public/v2/users/8166960
Proxy:			<none>
Request params:	<none>
Query params:	<none>
Form params:	<none>
Path params:	<none>
Headers:		Authorization=Bearer d0bf1714ac04c10dd2982e009d2dffe694a8e0b53af518cb7370e41e046a72f6
				Accept=*/*
Cookies:		<none>
Multiparts:		<none>
Body:			<none>
HTTP/1.1 200 OK
Date: Sat, 04 Oct 2025 14:45:02 GMT
Content-Type: application/json; charset=utf-8
Transfer-Encoding: chunked
Connection: keep-alive
Cache-Control: max-age=0, private, must-revalidate
etag: W/"8bae4e57ecacb4693b2f0959c5fb1fb4"
feature-policy: camera 'none'; gyroscope 'none'; microphone 'none'; usb 'none'; fullscreen 'self'
referrer-policy: strict-origin-when-cross-origin
vary: Origin
x-content-type-options: nosniff
x-download-options: noopen
x-frame-options: SAMEORIGIN
x-permitted-cross-domain-policies: none
x-ratelimit-limit: 90
x-ratelimit-remaining: 86
x-ratelimit-reset: 4
x-request-id: 34661990-079b-45fa-949e-805f83ff0d42
x-runtime: 0.039798
x-xss-protection: 0
cf-cache-status: DYNAMIC
Nel: {"report_to":"cf-nel","success_fraction":0.0,"max_age":604800}
Report-To: {"group":"cf-nel","max_age":604800,"endpoints":[{"url":"https://a.nel.cloudflare.com/report/v4?s=NJJqoYxMo1R8Kz%2B6NoOo40kwZzluE62klxXDAI2Bcazzp0KiWyUtIcu0MmsiuCBjRit7EvoeprwcIqtLMO5iXCN6cP8vbZ08gIuYMw%3D%3D"}]}
Content-Encoding: gzip
Server: cloudflare
CF-RAY: 989575f30cc3fdbb-SIN
alt-svc: h3=":443"; ma=86400

{
    "id": 8166960,
    "name": "Prakhar",
    "email": "apiautomation1759589101664@opencart.com",
    "gender": "male",
    "status": "active"
}
]]></system-out>
  </testcase>
  <testcase name="updateUserTest" classname="UpdateUserWithPOJO.UpdateUserUsingPOJOTest" time="1.99">
    <system-out><![CDATA[----------------------1. POST CALL ----------------------
Request method:	POST
Request URI:	https://gorest.co.in/public/v2/users
Proxy:			<none>
Request params:	<none>
Query params:	<none>
Form params:	<none>
Path params:	<none>
Headers:		Authorization=Bearer d0bf1714ac04c10dd2982e009d2dffe694a8e0b53af518cb7370e41e046a72f6
				Accept=*/*
				Content-Type=application/json
Cookies:		<none>
Multiparts:		<none>
Body:
{
    "name": "Amit",
    "email": "apiautomation1759589102440@opencart.com",
    "gender": "male",
    "status": "active"
}
HTTP/1.1 201 Created
Date: Sat, 04 Oct 2025 14:45:03 GMT
Content-Type: application/json; charset=utf-8
Content-Length: 112
Connection: keep-alive
Cache-Control: max-age=0, private, must-revalidate
etag: W/"ba9b437f857294b2b5550d58fe489cb5"
feature-policy: camera 'none'; gyroscope 'none'; microphone 'none'; usb 'none'; fullscreen 'self'
location: https://gorest.co.in/public/v2/users/8166961
referrer-policy: strict-origin-when-cross-origin
vary: Origin
x-content-type-options: nosniff
x-download-options: noopen
x-frame-options: SAMEORIGIN
x-permitted-cross-domain-policies: none
x-ratelimit-limit: 90
x-ratelimit-remaining: 85
x-ratelimit-reset: 4
x-request-id: c9053ed0-f9ed-4196-9736-dad4ab3f8361
x-runtime: 0.053315
x-xss-protection: 0
cf-cache-status: DYNAMIC
Nel: {"report_to":"cf-nel","success_fraction":0.0,"max_age":604800}
Report-To: {"group":"cf-nel","max_age":604800,"endpoints":[{"url":"https://a.nel.cloudflare.com/report/v4?s=Os8A5w%2FAxM2qE8k%2FoXQHiPpuT6%2FkWd9tSl2qMGN%2Fi90Z0J3u02DuS1txx0SJIwm%2F0kT1A6jcpMDmRq6%2BmTI1%2BlVuHZAcU10KaAHDQQ%3D%3D"}]}
Server: cloudflare
CF-RAY: 989575f5e913d9ca-SIN
alt-svc: h3=":443"; ma=86400

{
    "id": 8166961,
    "name": "Amit",
    "email": "apiautomation1759589102440@opencart.com",
    "gender": "male",
    "status": "active"
}
user id : 8166961
----------------------2. GET CALL ----------------------
Request method:	GET
Request URI:	https://gorest.co.in/public/v2/users/8166961
Proxy:			<none>
Request params:	<none>
Query params:	<none>
Form params:	<none>
Path params:	<none>
Headers:		Authorization=Bearer d0bf1714ac04c10dd2982e009d2dffe694a8e0b53af518cb7370e41e046a72f6
				Accept=*/*
Cookies:		<none>
Multiparts:		<none>
Body:			<none>
HTTP/1.1 200 OK
Date: Sat, 04 Oct 2025 14:45:03 GMT
Content-Type: application/json; charset=utf-8
Transfer-Encoding: chunked
Connection: keep-alive
Cache-Control: max-age=0, private, must-revalidate
etag: W/"ba9b437f857294b2b5550d58fe489cb5"
feature-policy: camera 'none'; gyroscope 'none'; microphone 'none'; usb 'none'; fullscreen 'self'
referrer-policy: strict-origin-when-cross-origin
vary: Origin
x-content-type-options: nosniff
x-download-options: noopen
x-frame-options: SAMEORIGIN
x-permitted-cross-domain-policies: none
x-ratelimit-limit: 90
x-ratelimit-remaining: 84
x-ratelimit-reset: 5
x-request-id: 96191d49-ef23-4521-bff5-ea6d322acc74
x-runtime: 0.038944
x-xss-protection: 0
cf-cache-status: DYNAMIC
Nel: {"report_to":"cf-nel","success_fraction":0.0,"max_age":604800}
Report-To: {"group":"cf-nel","max_age":604800,"endpoints":[{"url":"https://a.nel.cloudflare.com/report/v4?s=ga4mcleF1qebpj7HdTHu3ahynTl1OzQpjWab3I9Z1hyCQlZEf8FL1EY%2FcuneFJQ9GkmhXzAMD82JC7IUxDD4268MjF%2F9Z9rGrFv0wQ%3D%3D"}]}
Content-Encoding: gzip
Server: cloudflare
CF-RAY: 989575f87e1bfd2b-SIN
alt-svc: h3=":443"; ma=86400

{
    "id": 8166961,
    "name": "Amit",
    "email": "apiautomation1759589102440@opencart.com",
    "gender": "male",
    "status": "active"
}
----------------------3. PUT CALL ----------------------
Request method:	PUT
Request URI:	https://gorest.co.in/public/v2/users/8166961
Proxy:			<none>
Request params:	<none>
Query params:	<none>
Form params:	<none>
Path params:	<none>
Headers:		Authorization=Bearer d0bf1714ac04c10dd2982e009d2dffe694a8e0b53af518cb7370e41e046a72f6
				Accept=*/*
				Content-Type=application/json
Cookies:		<none>
Multiparts:		<none>
Body:
{
    "name": "Amit Automation",
    "email": "apiautomation1759589102440@opencart.com",
    "gender": "male",
    "status": "inactive"
}
HTTP/1.1 200 OK
Date: Sat, 04 Oct 2025 14:45:04 GMT
Content-Type: application/json; charset=utf-8
Transfer-Encoding: chunked
Connection: keep-alive
Cache-Control: max-age=0, private, must-revalidate
etag: W/"7102a5569416a4e222308c90c42e7a76"
feature-policy: camera 'none'; gyroscope 'none'; microphone 'none'; usb 'none'; fullscreen 'self'
referrer-policy: strict-origin-when-cross-origin
vary: Origin
x-content-type-options: nosniff
x-download-options: noopen
x-frame-options: SAMEORIGIN
x-permitted-cross-domain-policies: none
x-ratelimit-limit: 90
x-ratelimit-remaining: 83
x-ratelimit-reset: 6
x-request-id: 787ddd79-c0cf-4b06-9662-9861540e2e64
x-runtime: 0.047631
x-xss-protection: 0
cf-cache-status: DYNAMIC
Nel: {"report_to":"cf-nel","success_fraction":0.0,"max_age":604800}
Report-To: {"group":"cf-nel","max_age":604800,"endpoints":[{"url":"https://a.nel.cloudflare.com/report/v4?s=Gt6D50O%2FRtBIgLQ2xZPCgr3QgzMAkSp%2FP9QHM1THksImx7RZHTmSwk2c98H9NvGOjgpuu6hkvfRtcB%2FHSK%2BZqvNHyhGjD9IblaBPUg%3D%3D"}]}
Content-Encoding: gzip
Server: cloudflare
CF-RAY: 989575fc699ffd9f-SIN
alt-svc: h3=":443"; ma=86400

{
    "email": "apiautomation1759589102440@opencart.com",
    "name": "Amit Automation",
    "gender": "male",
    "status": "inactive",
    "id": 8166961
}
----------------------4. GET CALL ----------------------
Request method:	GET
Request URI:	https://gorest.co.in/public/v2/users/8166961
Proxy:			<none>
Request params:	<none>
Query params:	<none>
Form params:	<none>
Path params:	<none>
Headers:		Authorization=Bearer d0bf1714ac04c10dd2982e009d2dffe694a8e0b53af518cb7370e41e046a72f6
				Accept=*/*
Cookies:		<none>
Multiparts:		<none>
Body:			<none>
HTTP/1.1 200 OK
Date: Sat, 04 Oct 2025 14:45:04 GMT
Content-Type: application/json; charset=utf-8
Transfer-Encoding: chunked
Connection: keep-alive
Cache-Control: max-age=0, private, must-revalidate
etag: W/"746952d09398ea4ea3f3ec8b3f5904b6"
feature-policy: camera 'none'; gyroscope 'none'; microphone 'none'; usb 'none'; fullscreen 'self'
referrer-policy: strict-origin-when-cross-origin
vary: Origin
x-content-type-options: nosniff
x-download-options: noopen
x-frame-options: SAMEORIGIN
x-permitted-cross-domain-policies: none
x-ratelimit-limit: 90
x-ratelimit-remaining: 82
x-ratelimit-reset: 6
x-request-id: 73e1e720-87eb-4bd4-9bf6-36b9d1576915
x-runtime: 0.026636
x-xss-protection: 0
cf-cache-status: DYNAMIC
Nel: {"report_to":"cf-nel","success_fraction":0.0,"max_age":604800}
Report-To: {"group":"cf-nel","max_age":604800,"endpoints":[{"url":"https://a.nel.cloudflare.com/report/v4?s=sAWCZvbIOmOUiuidIrnZyo%2Bw%2FjC0fBA8pAsROW8t1H1vxHA5B9%2F7npjkPHuRIPwJMJPCDa450zoBpccv4CdRWTStuCWnwEGdGoHCMQ%3D%3D"}]}
Content-Encoding: gzip
Server: cloudflare
CF-RAY: 989575ff7b73a08b-SIN
alt-svc: h3=":443"; ma=86400

{
    "id": 8166961,
    "name": "Amit Automation",
    "email": "apiautomation1759589102440@opencart.com",
    "gender": "male",
    "status": "inactive"
}
]]></system-out>
  </testcase>
  <testcase name="getContactsTest" classname="GETAPIWithNonBDD.GetContactsAPITest" time="2.144">
    <system-out><![CDATA[401
HTTP/1.1 401 Unauthorized
total number of headers: 10
Content-Length:32
Content-Type:application/json; charset=utf-8
Date:Sat, 04 Oct 2025 14:45:06 GMT
Etag:W/"20-l84Ae8oPqxLFOfh6GyOldXOyOfM"
Nel:{"report_to":"heroku-nel","response_headers":["Via"],"max_age":3600,"success_fraction":0.01,"failure_fraction":0.1}
Report-To:{"group":"heroku-nel","endpoints":[{"url":"https://nel.heroku.com/reports?s=B1rr6YR3woapijoD66j4oy9E2yo9RAWPibzRiSY9puY%3D\u0026sid=af571f24-03ee-46d1-9f90-ab9030c2c74c\u0026ts=1759589106"}],"max_age":3600}
Reporting-Endpoints:heroku-nel="https://nel.heroku.com/reports?s=B1rr6YR3woapijoD66j4oy9E2yo9RAWPibzRiSY9puY%3D&sid=af571f24-03ee-46d1-9f90-ab9030c2c74c&ts=1759589106"
Server:Heroku
Via:1.1 heroku-router
X-Powered-By:Express
]]></system-out>
  </testcase>
  <testcase name="bodyWithFormDataMultipPartTest" classname="POSTAPIWithDifferentBodyTypes.POSTAPIWithDifferentBodyTest" time="4.339">
    <system-out><![CDATA[Request method:	POST
Request URI:	https://postman-echo.com/post
Proxy:			<none>
Request params:	<none>
Query params:	<none>
Form params:	<none>
Path params:	<none>
Headers:		Accept=*/*
				Content-Type=multipart/form-data
Cookies:		<none>
Multiparts:		------------
				Content-Disposition: form-data; name = name; filename = file
				Content-Type: text/plain

				Tom
				------------
				Content-Disposition: form-data; name = resume; filename = 42213591.pdf
				Content-Type: application/octet-stream

				%PDF-1.4
				%�����
				1 0 obj
				<<
				/Filter /FlateDecode
				/Length 3486
				>>
				stream
				x��][o�8&amp#22;~�&amp#5;_&amp#22;�&amp#2;m�&amp#27;E��<d�δ�m�I�)v&amp#17;`AK�ͩ,����g��e~�&amp#30;�7�bR9�c&amp#20;�4(l�4�s�9��H~&amp#29;��\�G&amp#31;ޓ[Y&amp#26;��W$�&amp#30;�,5|��Ӷ���T.�,R��b�ʖ�|?&amp#19;�|E&amp#18;�A�Q��VY5��&�&amp#5;y+�xR����?�����6&amp#7;�#&amp#1;%4�&amp#8;K&amp#2;RJ�&amp#20;Pe
				͏&amp#22;��?&amp#12;�&amp#19;&amp#26;�0�&amp#17;�����#�����S[]�����b:&amp#8;��&amp#6;>�������՛r��ol�@?�&amp#3;!�&amp#17;@'1�&amp#3;F��&amp#29;���
				��͐�p٦&amp#3;�&amp#19;?&amp#6;^��~��βF&amp#24;%&amp#15;5&amp#20;�V�e�K�&amp#23;&��n��&amp#3;&amp#21;��Ѧɀr&amp#30;������ɇ*@�_&amp#7;���.�K�[>��z�,�������ӟtQ�����T*��x����&amp#1;�&amp#30;�=-�$�Ɛ�y5ѥ�CT`I佬*Y���Q&amp#16;�!M�����\�6x��z�K�tCنn�s����0W_��]%r�nȿy~�Ka$�:ו$�D&amp#25;&amp#16;�H�Щ$)��!p&amp#1;�,���&amp#28;�D��R��.2[g��.f�u�U��(�7�à��TM�&amp#30;9��&amp#14;�	V�&amp#5;�y�0���/��-B�U=�&amp#7;Uϗ�{�2&amp#21;e֫V&amp#1;��z�A&amp#22;._�&amp#3;&amp#22;&amp#5;�E��S/��k�}¢�)�&amp#0;_v���\��!���Җ���$�&amp#17;s�)�&amp#16;_���:��2&amp#23;&amp#5;�h3S�&amp#23;V��_y'ᾼ! ��&amp#27;0�����Y�E�oW�6�
				&amp#25;����x1�����O�F�&amp#17;wG�&amp#31;u������Af��&amp#25;�LE�&amp#21;f^
				&amp#27;��/���muB�W�z��y���g�vf��ũ�N�&amp#5;԰]&amp#21;1�&amp#8;�dCd���&amp#25;o�N��V@&!�&amp#12;h-F
				��J���$��H��P&amp#18;3&amp#17;��ȝ�&&amp#27;�cN��&5�y.��&amp#20;�.j�&amp#20;�m��z8&amp#7;�^�#Q��NI�&amp#31;���&amp#16;t&amp#6;�&amp#23;��
				&amp#3;L��[B�'�\_e�&amp#5;Dg ޼&amp#23;_�d*
				Q��L���PB?[�ܦ�`�&amp#11;=/�&amp#4;&amp#18;g�5�l��tIF�&amp#0;�N�C�Y)_��0�&amp#5;��&amp#4;lZ&amp#14;&amp#23;d��$�.�ȑ��	�h֌��,�Ⱋ>�&amp#24;�� �Z&amp#11;Ka&amp#15;&amp#21;�D�Tϋꘂ�un�E��Ō&amp#29;���v��	��HL���Ю��J��&amp#16;=�A�lw&amp#29;&amp#2;&amp#17;�&amp#8;&amp#3;�,���y�I=K&amp#14;&amp#15;&amp#3;�@%D6r��&amp#3;���&amp#15;��%���&�BL�(c�H��=�&amp#21;�Q����~&amp#19;&amp#11;L�B~��d�4?����LE� ?�B�T������*�O�9`&amp#20;&amp#31;lygcy,���ȏ1)�&amp#7;��ϲ�dy,��J�&amp#3;"A�p&amp#15;�&amp#29;ֽ�ә(&amp#22;�"��� ��&amp#11;y&amp#7;��L	;&amp#24;ݐ��&amp#0;t��ý�΀��X�u&amp#21;%��0J"&amp#24;qbRv�/�ԹJ&amp#23;�-�}��J&amp#31;��> ?�z&amp#8;&amp#25;�L'���xA>��V���y&amp#16;l+<��$&amp#23;�仞����ZIߜ=@WW&amp#19;I&amp#18;&amp#15;��Q&amp#16;y�}��~��Oo��I��i)��z"�R�JgǢ��&amp#28;&amp#3;&amp#15;���ήD6-���G�I�#��Q���1^�9	�I�#���<dI��'��Ǣ�s�q	}zٵ�&amp#8;^&amp#2;߇WD*�&amp#31;=V��9�S&amp#14;�$	���9q�[>H�@&amp#5;h!Z���I�^/Y&amp#23;A&amp#26;�\/�@b�e=A�&amp#7;��fk����J<��W��&amp#6;&amp#22;����o&amp#25;FD���~Yφ��ꙭ�a4�&amp#26;��Q&amp#12;É�����1�������6&amp#12;&amp#23;&amp#22;��&amp#24;���p<�&amp#19;&amp#11;I]��1&amp#18;������6&amp#12;&amp#23;V��1��&amp#23;3$���BRW;ǠHA�&amp#21;��r&amp#12;&amp#23;&amp#22;E�1"W�G�1\XH��&amp#28;��&amp#4;-��&amp#20;)�pb!�&amp#24;�&amp#17;�)R���BRW;Ǡ8A�:�>E�1�XH9&amp#6;u�}��c8�����1(NТ��O�r&amp#12;'&amp#22;R�A&amp#29;q�"�&amp#24;N,$u�s�&amp#24;)h��>R���r&amp#12;��H9�&amp#11;&amp#11;I]q;ǈq�V��1R���B�1bG܏�r&amp#12;'&amp#22;���9F�&amp#19;�bG܏�r&amp#12;'&amp#22;R�&amp#17;;�~��c8�����1b��&amp#21;;�~��c8�z&amp#14;[��"BmlБb�H�&amp#19;&amp#11;�/W��R&amp#23;۷w�s�r �����݁ł&amp#0;��M��P[�`&amp#14;�`8�����!���z^Ӎ&amp#30;���u)E5�z�w&amp#22;�#&amp#30;�з�&amp#30;&amp#4; rr�ĸ�Fa>ٽCb���sy�D%3R&amp#8;&amp#3;t&amp#26;9��SD"�w�#&amp#20;o~��&amp#20;H<=K�����&amp#16;�qDβ�2&amp#6;w��&amp#14;��&amp#31;&amp#17;���S���&amp#7;[d��T1&�:�ty,��������&amp#5;&U�?�&amp#19;�2�&amp#7;&amp#21;���ǲ��&amp#21;2;&amp#22;�]&amp#5;x��BW�0*ϡ��)�&amp#19;[�p���Tj*���&amp#30;�{4�D��O�s�����ѕ�Ý��S�&amp#26;�7��|L��L�&amp#26;d�&amp#24;O�	�Mn�c-w�@4&�������Ÿ��h�B�<�C[g��$(�&amp#14;&amp#26;�!�s����-��\��T���CZ�t�$&amp#31;D.����B̀�5�;��6&amp#28;�[&amp#19;{,A�)j"����ǳN�&amp#4;gb���&amp#29;��8&amp#19;{N,$u%��=�Sl$�_ַa8��fkc&amp#24;��P&amp#22;�l�&amp#11;&amp#11;I]�oy&amp#12;&amp#30;y�Hl��g�pbE8&amp#30;���P&amp#22;��pb!�+j{��b#����Å&amp#21;�x�&amp#6;VCY8&amp#30;É���v��q�&amp#22;w�}��c8��r&amp#12;��&amp#28;)�pb!���c$HA�&amp#21;��r&amp#12;&amp#23;V⣬F%���7��&amp#6;])&amp#6;R:����+qDH4u�&amp#22;&amp#15;���Fb�e=ۻ&amp#19;+BY<�4�&amp#8;��&amp#11;�&amp#11;��C'&amp#22;&amp#22;_Q���QMز��a#�����݅&amp#21;s&amp#20;���"Bm�"t�E�c�.,,��2D�ڨ&i�{&amp#18;b#�����݅�D(l��E���EⰋ&amp#4;��]XX|mex&amp#31;V���z�>ί�t��lV�[��w�H�S��i}���Z(h&amp#16;&amp#25;5N&amp#20;���&amp#0;�����&�>�:rh&amp#23;f��1�l������c��&amp#29;y\��F����pAVgN�&amp#30;&amp#24;�{l�$M�}^u�~&amp#30;&���ڣKU1F�/�&amp#30;A������3�2&amp#2;�\���D�&amp#2;֑ԏ��>~0��&amp#23;Y&amp#17;��L&amp#22;F�c��;�7ϯ�+N&amp#27;5����h�&amp#19;���&amp#29;��sa-�|��c&amp#17;u��i&amp#17;U&amp#31;�|,���-��cQt��("�&amp#5;&amp#28;ea��hk�	�&amp#19;e����Y��&amp#31;0G�;h�����]��h���H���&amp#14;Z�����@�&amp#22;&amp#30;&amp#1;��'&amp#25;�����&amp#29;�~y��Y�]���h,�p$�hx&amp#7;�_�6[Vv��#�mƦ}K���&amp#14;&amp#26;V&amp#8;Hx+��&amp#1;��j&amp#6;&amp#0;�&amp#20;n\h~��B�m&amp#23;&amp#17;�&amp#25;�x;���5'Z3�p���BC�dCohh͠�ۑ�g�9њ��#ER&amp#23;&amp#26;�$&amp#27;zCCk�hގ�=�͉֌�&amp#28;)n���$��&amp#27;&amp#26;Z3!��,�g�9њq�#e	.44I6�v/Z�&amp#3;�澘���&amp#23;�������߸&amp#12;��&amp#29;@��kr��K��7<�sS驝�%��f��i#�S9��z!��p{�u}M�T&amp#20;��-nQ_ʕ�&amp#7;7�&amp#4;4Y&amp#17;1Է�\�&amp#19;�����&amp#4;W&amp#2;�&amp#27;��]܆KP@&amp#15;UɅ��t��
				�Ve��W��y}u���O� �&amp#2;��e�Zn�]���J=�orRE��v��*�\N}�&amp#26;�ƥ�&amp#25;�&amp#20;�&amp#23;1&amp#6;��c��g�ic��D�&amp#25;�*��z��0���&amp#15;UX���09TaK�&amp#27;�G�H�&amp#7;����&=C�y}���ջI'jloZ���Hi�GV&amp#19;&amp#1;��w&amp#11;�\U��t���U����n&amp#5;�UQ���6{*�&*�&amp#16;ej�ŭ2���4��&amp#25;�tP7�A�
				&amp#15;&amp#21;&amp#21;����p�⃘&amp#29;Jڛ�B&amp#6;&amp#1;�Wŭ4�&amp#26;�+����l�&amp#21;&amp#29;~G��T�&amp#5;�Uz�&amp#18;��V����
				�&amp#23;(��BP��&amp#6;j�����~muf�|<�6??R����&amp#29;.��p������A��W��(#��c/8=�?A(&amp#18;v&amp#19;�0d&amp#6;�n"E^A���p4[� R�rj���.�g��&amp#31;~p&amp#4;�p���G��#�2�t���4+�c&amp#3;�O�U��&amp#6;�l���&amp#22;��&amp#26;��֗�ցi�Kp}����ZY��N H<&amp#22;v���j:��F�K}��&amp#15;�|�����GZ�����HFQ&amp#21;&amp#23;z�G�]�__&amp#12;Y��;{�ᩅ�&amp#22;�n�&amp#29;�>����S&amp#11;O-<�����/��&amp#2;� z�
				endstream
				endobj
				10 0 obj
				<<
				/Filter /FlateDecode
				/Length 4196
				>>
				stream
				x��]]s۸&amp#21;}�&amp#5;f:�&3�C&amp#0;$H�Oi���N����>��&amp#1;"!�k~hIʱ�k�S&amp#11;P�x&amp#29;0��eՌ'�L�<��{qp�a�׳�#, &amp#1;�H(&amp#25;�4�&amp#23;)�~O�2IW�W�;��&amp#3;?�"�g�&amp#22;ݷ�7#&amp#26;�8�&amp#31;WiA��*?c�/g�|4�(��)�H߻���&amp#7;�u{�_�,,��dо��7<&amp#12;�}&amp#15;�y�eA��2@�7��~�}F�-��p�����!"����&amp#27;�_>��}[������&amp#21;&amp#22;��j$9��&amp#7;�X&amp#16;E�[&amp#28;�]k�����gO�>b���6NO�ty��������ɋ�ˢ�Ag��Ic��S�%���������׺Qi�&amp#19;�4a��n��ɪ̲�c}�\�r��˳�Onj :S���&amp#26;�M}��47����&amp#22;��<D���&amp#3;&amp#25;~�B&amp#17;�'�+�]���&amp#28;K�q���I{U��i&amp#19;� p�X��MFF�0l�V&amp#16;�&amp#2;�������UuS�c`��`&amp#3;��V!&amp#7;�2��^�����v}�z�^=#��5�"�4��bM�[]a�i���fnT|���E��t�z����oʆlTj:�&amp#29;ٕ۫g�&s��m�q�wҲ&amp#4;)})�&amp#29;J�w'�&amp#25;&amp#21;��d�M��i&amp#29;����*s�CYo�Fe����fs&amp#20;�5���a��&amp#6;Ցr|�҈Fs��&amp#5;iwl:&amp#6;�&amp#16;ߙ&amp#12;&amp#28;�$�(��Fq!&amp#31;�$l�xS&amp#22;&amp#11;��i]�e���&amp#2;ٔY&amp#26;�0M�F�C��r�N�&amp#12;�Ʒ�(d��Q1�=$�n�O��y?�<-teZ�Ge<H&amp#22;ft�5�&amp#23;&amp#11;�{���c"�~&�*Qdq��ɉ�ќ~Z%&amp#30;�?&amp#27;�ަ�e�ƺ�X����G����7�&E�\[�*�����$o&amp#22;���1C�|�T���6?"��ntn��mc&amp#2;���g&amp#23;&amp#11;&����ZU��w$���,M�PV�%٤�&#&amp#17;�fԔ&amp#27;s5#u�m�*�z&amp#30;�3&amp#18;_geu���Ĥ!Yg۸,L"v�c�&amp#1;�=�}q�I(�G&amp#19;����DBx}�PY\^���G�|NL5aF�6!�y��v�GG&amp#19;�U�����7�"��F%Dؼ%wD�W�B0d	�4&amp#26;�`z���9Io�JnU&amp#17;��DC׵&amp#29;��&amp#24;YX����&amp#25;�蚈�%&amp#23;�9&&amp#17;sq,��Q&amp#17;q���[/�V�S����T�9l2����~�y��i���/�	K�ϥ|&amp#30;�&��=B��M�/&amp#31;�⮵I"�2cl��B����&amp#12;&amp#25;MZ���&amp#12;��e�&amp#24;�K�&amp#25;�US��莈������P�&amp#23;d&amp#19;_�(Tq��<օ�&amp#15;�e�\g:n�21���&amp#21;�����<Ji��L��P><o�&amp#21;�������ۄ��	Q�.�V�_0�&amp#22;��&amp#29;	Ⱦ&amp#11;�����Yt���b�R�m<��&amp#16;�{�Z&amp#27;e��;�&amp#31;�l���ݢR��V&amp#12;n.&amp#22;�/-�\�7���b&amp#18;b�&amp#1;S	h�1m���fYV&amp#5;Y���V&"�ڙ���h�2��R��DV�&amp#27;L����Z�&amp#8;Yc�G�L���]h����/�vk]&amp#24;&amp#5;�f͞I�]j&amp#18;��&amp#20;�9���%&amp#11;LB��Z��ieyp�����6&amp#5;�&amp#17;�0&amp#29;�ژ�d�.#�)���m��h�۞TZɶU&amp#2;&�p|Q�׀V���l_�c�!�Q&amp#3;�u}��#�TZ%�d&amp#20;��&amp#15;��IG+<���kK�&amp#1;������䍯&amp#12;�=��/�2UZ�"�s;�1���-�&amp#29;ޙ*�6-��.�X���{�t��� O�Xg�*t���d<�&amp#12;H�2���&amp#27;O�X��E�J�6#����$�Ǘ&amp#4;?���Nb&amp#19;��l�5=6���&amp#29;�2��&amp#27;�g��&amp#24;<�&amp#20;��S�&amp#5;��1�N�W��&amp#15;�ڤ�&amp#25;s�9�L.�Ҍ�7���&amp#17;U$�6���@�+��6f���d?��խ����2&amp#12;���&amp#4;H�d2XP��&amp#12;�m&amp#23;&amp#19;��&amp#12;4&amp#19;��̊��Y��%v�)K�&amp#20;s&amp#22;Z��&amp#19;�WO?l���0c��\Чx&amp#5;����&amp#28;��N'��G��I��&amp#25;�UMY�H�_&amp#29;7c��,�V2"8�~YD��T�]���u����&amp#23;ia�Г���-B&amp#17;�&amp#14;��R�/a�s	&amp#11;(�L�{\�ڌ}���j�&amp#31;�nf2�&amp#27;I&amp#7;H�t�!�&amp#30;ۣ��#�Cof'��fcDB�vl��o%1&amp#0;��I��1��l^��j��y�͍Jdv�^'3Y��d&amp#4;�t2&amp#25;&amp#17;Q�&amp#17;{A�O&amp#11;3��m��*�����n��7&amp#4;�����&amp#3;ϳ�����x%�����&amp#3;
				&amp#14;���K�&amp#0;9�&amp#5;H�àt�+&amp#26;&amp#16;��K�aD�&amp#15;)
				Q���m&amp#1;&amp#18;��@�p��	�%�&amp#6;�
				�e&amp#30;Nc�A����t�-&amp#30;T�&amp#17;n{�8R}P���iP=HX����"�V�&amp#19;+&amp#23;*�&amp#18;#V�m&amp#1;&amp#18;��@���"�9�&amp#14;�&�U&amp#15;�< L&amp#27;+�&amp#0;	� VXX�܆Ng&amp#21;x(}&amp#8;��&amp#5;&amp#20;�U@���&amp#8;�n/2�&amp#11;;q]���&amp#21;Pt�N�BWݧ�!&amp#16;��&amp#21;B,^&amp#1;��&amp#2;�&amp#17;��;�&amp#15;�&amp#24;��@a�
				(6V'&amp#27;�&amp#17;C&amp#25;��a&amp#7;�]�8&amp#18;/&amp#5;6&amp#20;&amp#16;���.�Ĉ�&amp#2;��K
				t�N4�+���&amp#16;�&amp#17;s&amp#5;
				��&amp#20;�X@4�+���&amp#16;�&amp#17;s&amp#5;
				��&amp#20;�X�l8�a�&amp#11;&amp#28;1�ne&amp#24;�!&amp#6;��m�h����.��ȭ&amp#12;�xA&amp#31;bau��V�&amp#19;�&amp#16;��[&amp#25;b�&amp#2;>��&amp#2;��V�&amp#19;�&amp#16;��[&amp#25;b�&amp#2;>���d#r�Gp�Z&amp#1;TwM2&amp#20;V�aC&amp#1;шz&amp#22;/p�@!��&amp#26;&amp#22;/�б:ш\1�8S�&amp#0;����K2l, &amp#26;�+�&amp#18;g�&amp#16;`uװxI����&amp#6;�\&amp#12;&amp#5;ǩ&amp#12;&amp#1;T�&amp#22;�Q$�x[<( &amp#26;�&amp#17;é]؉&amp#17;w���xA&amp#31;bau��&amp#29;1�؇@���$��&amp#11;�&amp#16;&amp#11;&amp#11;�&amp#6;w�pb&amp#31;&amp#2;1��R&amp#18;/�C,�N6��P&amp#8;&amp#31;g&amp#17;����&amp#16;8;&amp#11;&amp#14;�Ń&amp#2;��V�S��&amp#19;#�2D�&amp#5;|��Չ�[&amp#25;N�C Fne�ƫ�!&amp#22;&amp#22;&amp#16;�2�؇@���&amp#16;�W�C,�N6��b&amp#24;z&amp#18;G&amp#12;���&amp#17;R��\���A&amp#1;�&amp#16;�&amp#24;N��N��E,^ЇXX�h&amp#8;G&amp#12;'�!&amp#16;#wQ&amp#3;�&amp#23;�!&amp#22;&amp#22;&amp#16;���>&amp#4;b�.j`�&amp#2;>���d��&amp#7;&amp#26;N=�&amp#14;Tw���L̪�&amp#8;�&amp#24;
				���Asj&amp#23;vb�nwA��S�N�Չ��qrb&amp#31;&amp#2;1r�����B'�&amp#2;��nh�؇@���.h�z�P4ِ�&amp#24;
				��5&amp#0;��&P��þ"T&amp#8;$ѐ�&amp#24;
				��5&amp#16;�x�W_&amp#21;*&amp#4;�hHW&amp#12;&amp#5;��&amp#26;��]���W�
				�$&amp#26;�&amp#21;C���&amp#6;`uװx�U�X��l�	&amp#15;��S��pW5B飰:�&amp#22;&amp#15;
				����fj&amp#23;vb�.j��&amp#2;>���D��Z3�&amp#15;�&amp#24;��&amp#26;h�:&amp#31;ba&amp#1;�p��L�C F�&amp#6;&amp#26;�·XX ^���&amp#17;���&amp#0;���"����x_<,&amp#16;���É}&amp#8;���O��&amp#5;|�%���,&amp#31;��1�&amp#8;�ó&amp#7;����&amp#31;�W���&amp#7;�7�H&v��s̓ɀ9�&amp#24;d·F5�z&��מ+zo�{&amp#29;��V'�j�L���&amp#14;���67�7�<�&amp#18;�L7h�����&amp#29;��i#��6�Ot&{&amp#6;��O�*���"���ݝ�aC&amp#27;�'��{�$�c���&amp#5;�E�&amp#14;40&amp#8;&amp#2;ߟɪ�m�S�&amp#2;&amp#15;�&amp#28;&amp#5;&amp#25;���Ol&{N3�&amp#3;���&amp#23;]����y�Et`�c&amp#31;�&amp#7;�&amp#26;��h&amp#15;9�"g{��Y�&amp#3;H����4H�m;$IQ�:Vv+&amp#19;HH��p:\�8N=H�0�2q���&amp#2;,$&amp#7;�PaA��0&amp#23;ҊP�Շ�G>J���&amp#2;,,&amp#31;�xaa�Q��+�Q�&amp#30;,&amp#17;Q�x��&amp#5;XX>&amp#4;���&amp#18;&amp#17;sxI&amp#15;'���&amp#2;,,^&amp#18;.t��=��\&amp#7;�&amp#3;��&amp#24; &amp#29;/q�5��mѐ�΄9���&amp#3;}&amp#20;s�-$V\`C&amp#1;ygn&amp#23;9�&amp#11;A��ܮ&amp#4;�&amp#23;&amp#23;�X@r��mM�C �̕w,^\`c&amp#1;ye��r�#�\`cuR�,��i���)l舮��&amp#4;EF�0t�]x8��AuאX	�&amp#5;d0t�}�G�v�&amp#26;����KPl, ��+���&amp#16;�k�J.&amp#22;/A�������
				��]ЯaM<�&amp#8;O&amp#11;x���{���>�&amp#7;�S&amp#15;<&amp#25;�&amp#11;L?�3���7/�J^�{���?�{�8�K=��&amp#8;ýyo�F_�eU&amp#24;rُ��&amp#12;����\���,�t�&amp#2;�?泈&amp#15;�(�g��&amp#31;�\�nU�!�H��09,�pO�|`&amp#18;câ�&amp#29;��|6�&amp#6;�&��&amp#18;�{�4}���Lb�0���h{h��&amp#6;Y&amp#21;�E���C͖U>c����@��O�}1̢8Si>[�Gy&amp#15;��c�e��Ć��r�N&&amp#24;Xxnf�z��0�S�����d/Sj��2#�a���&amp#1;gk�!�'�&amp#4;À�X&amp#19;&amp#12;E4������Z`4��SYY�g3*&amp#24;����l6E�ꗥ�q�*&amp#16;c�&amp#19;�O�S51U(ٕۊ,u�Wis�i)���9�&amp#31;&amp#11;&amp#18;&amp#27;&amp#15;�rE6*�QkMڊ�ԧy(&amp#31;}���W��N�D_�����&amp#3;&amp#15;Q#&amp#3;��2&amp#24;fm�{�G�J�?,��;[��liT��V/&amp#14;Μ������=T���s�_�u�*CY&amp#28;s�f`�������ô�1>�yo��L�5?�H�h�!&amp#15;4�T2��&amp#26;k���;&amp#15;��y�̲��^��y\&amp#6;�>�9&amp#15;&amp#0;�{��������G�yj{w_D0&amp#30;�>j&amp#18;'j�h���'&amp#14;[ύ&amp#31;��y�����I&amp#18;�m-��ҿ�&amp#17;�&amp#6;-�a&amp#22;&amp#6;�`0hQO��>RB�<[&amp#29;�[&amp#24;����9�B�ǐ&amp#18;2t&amp#31;�h�8
				��}&amp#17;�`Є��&amp#19;;&amp#18;fC��Lh܀'��@�|7!9�C.!&amp#24;��q&amp#14;�c������=	ɑ�h&amp#4;h�"&amp#26;7N��@�܃&amp#26;Ma�����<>&amp#22;H&amp#28;f�D&amp#7;�Ac=	9�#a6�&amp#28;���-�_E�z&amp#4;&amp#25;��7G���"���ù���;Yo�Dgi�krA���8�&�˲Q&amp#25;xtÁHZ��5i���\=��l���&amp#3;��&amp#31;��.�&amp#29;i_��u��U����&?l���L����ie>e/�-�i7A��FWC���x���"J�B�}iu���ճsr���\z���^��~3	Aݱ���&amp#16;��޺�~�����&amp#0;K���
				endstream
				endobj
				11 0 obj
				% [7854] 
				<<
				/Filter /FlateDecode
				/Length 3018
				>>
				stream
				x��[�r�8&amp#18;}��&amp#2;/;���l��K�|Q&ލ/ck*5U�&amp#2;����$&amp#24;���������&amp#6;H�����1S&amp#19;'1&amp#12;�`_&amp#14;�O&amp#3;���"Θ�&amp#29;�&amp#4;�C$#�I>�&amp#7;�D�������:&amp#30;{��&amp#30;��k��&amp#17;�&amp#12;��&amp#25;&amp#14;�<'���f&amp#3;��s`�&amp#21;<���q���ݯ�&amp#25; &amp#23;z�o&amp#3;|-�&amp#6;�X7R�p���v�eu�i-l�_�"Ӏ	A~'&amp#8;|�S�&amp#3;�A��&amp#28;���w&amp#2;|�Ӗ&amp#22;��&amp#1;;�j���ϼ�8�&amp#3;�&amp#11;l�\˼�&amp#1;h��Dޘ��K&amp#28;�&amp#21;�&�Vwҧ�� �$&amp#14;�(�׽�mpd&amp#27;l�7�AD&amp#29;�M&amp#7;Gc&amp#23;~�&���&amp#15;"/?��<��3�&�&amp#15;�N烣��1�<�L)"�.$c	)���99!�4�J&amp#23;��x�B�lM�%#K�
				^Ҕ��/d�ep4�&amp#14;~�S&amp#25;7|^�;��R*[]&amp#26;q�h�H�h���s�&amp#8;�g��gUF�%�&amp#11;��\HB�&amp#21;K`��La��&amp#25;�K&amp#2;���\��[)b�T���'��;N�U&amp#19;$���k�A��X����S�?咖d&amp#5;�"3F
				�[�]�
				����&amp#19;��\<09$�%��D-�&amp#25;���Ɍ�`+&amp#8;H4��Lh&amp#30;3��\�Y$�U�B�&amp#7;��Q�+�./%���&amp#30;�4�^&amp#1;m��&amp#5;W����s)2�A.&amp#5;5�!���"�#�kY{��t�ȒF&amp#3;�4���Tq�E�}Ԏz��&amp#7;��h\�&amp#8;aU���yl:b�&amp#21;"Gt��X&amp#3;�d5��&amp#6;��&amp#30;m����&amp#28;&amp#0;�`r=&amp#4;&amp#3;�E.&amp#20;�&amp#25;�&amp#26;�&amp#2;�(ɒѴ\�&amp#8;|��&amp#3;&amp#7;�6�<&�u�ڥ0&amp#1;7�W'��S�rsx&amp#20;�W�5-�	a,�H�R�Q�&amp#19;U9&amp#18;�Q!⯬$�`�b�O�G�k@&amp#14;(����&amp#11;�d�&amp#21;��k��h�q��,e��&amp#8;��R&amp#21;�&amp#6;� T�#&amp#29;�2��hD!~�&amp#18;�R7��S~�A&amp#11;[t���dV�z�\�$g�� ��{x&amp#30;�&amp#21;���te[�"&amp#28;V���A���1�f�aI�&amp#16;�&amp#15;���&amp#20;��*���>�_&amp#1;��c̒���&amp#23;̻I&amp#27;���&amp#7;&amp#29;i&amp#29;;ڏ&amp#31;l	z�	�&amp#24;Y7rӢH�iD-���T)&amp#17;s|�!&amp#11;�&amp#26;�� ��;�5!�&amp#16;f&amp#16;�E�&amp#16;�%_`��&amp#19;"��&amp#26;c�P��b&amp#3;�qu�ⱔ/�2�Aυ��^�&amp#22;Z�&amp#3;pv.
				����#�m�g�KDO&amp#12;	j&amp#4;TJ�|&amp#1;��[�%���0.�t�&amp#23;&amp#2;@�61�N[u&amp#4;|&amp#6;P5��8S���C�01�&amp#3;�E&amp#29;'7&amp#1;�O#Eޡ`3�㘜��F�Em�D��&amp#24;��ԋ
				�&amp#3;C�u�&amp#19;���R�&amp#1;2�9&amp#4;&amp#7;t1R�j6Jy�{f�]Q�h��{�k&amp#31;�J�&amp#26;TBj2�&amp#1;���Od%*�&amp#6;:&amp#12;�s�u��&amp#20;��&amp#18;IYM-yާ1܃�%�V��K!�(as]�h�&amp#1;S\2�l+'����Ӧ"4�64C&amp#7;�����
				��&amp#0;t}�5�&amp#5;��o&amp#4;�&amp#25;�&amp#29;&amp#17;���:&amp#11;&amp#31;�1&amp#26;���k`�&amp#7;[v&amp#4;	&amp#22;�a�e&amp#20;P�&amp#19;-�q�[&amp#3;g]��%&amp#17;��_&amp#31;E�
				/�ߑ&amp#26;&amp#15;�y�J�Q�h��;M�����������g&amp#15;v&amp#20;p��^&amp#30;�Ȉ"Ǎ&amp#6;XRU��!�݂�+7e"*2/���	��&amp#1;+��	�쓾����������W�ͥ1&amp#3;�v�J�#�>
				&amp#4;�&amp#7;&amp#8;.&amp#24;��I��!&amp#11;&&amp#22;�&amp#22;KM3A}�g���Rw�� �&amp#24;�ᆤ�_q*�C0�m&amp#27;\,0Y��r&amp#14;.v�r��Y��4�1*����RIL8&amp#15;&amp#2;��uU��k
				���R@d���&amp#2;ڞ��NQ����GE�Ɏ��ߔ8&amp#27;B*����;�y&amp#29;�lp�&amp#19;&amp#8;&amp#8;�l94�F�u&amp#31;�=�VL3�&amp#25;ˁ*�f�&amp#2;h�ֹ�Q�I&amp#17;Rڎ&amp#3;���?�&amp#23;��+�*&amp#4;w&amp#5;i&amp#18;&amp#16;�A�~��&amp#17;�&amp#30;{{y&amp#15;��G&amp#3;��&amp#22;���5M�x8&amp#19;9[�\&amp#31;a&amp#24;^Z�To6&amp#2;���-�帋�y&amp#2;tc86��.�[�A&amp#21;Y1&amp#4;���4�upE&amp#5;R3��f���&amp#24;�CAIT&amp#16;�&amp#28;�>A繛&amp#5;��&amp#11;�3��b���2&amp#7;&amp#25;3����&amp#7;	j���oQA0�L��Z&t&amp#6;�@�a�[�
				��QB����&amp#20;u� x�&amp#2;�&amp#6;�@�q&amp#8;��&I+eں���*C&amp#24;p&amp#3;�Sl�2�Ճ��=&amp#15;>	��5&amp#7;(Z}�-f�6&amp#8;ܨz&amp#12;&amp#14;&1U:�cHM�*���&amp#24;
				�&amp#1;2d���'�J�0;&amp#7;Wx&amp#20;��E&amp#11;V�s�^-&amp#18;F�c�Z���&amp#15;&amp#18;*��Mh�&amp#28;��&amp#3;�~sʇ�"�
					i'����&amp#3;T�d7�k�I&amp#22;�x�Ҵ�*&amp#7;�>�&amp#23;u��z��f��f�,+R\�0&amp#3;�_� H`�0�ft��~��m�{0�Q�Z�&amp#21;�S%�l&amp#18;j-sr�L
				ٻ���z&amp#29;����Rav&amp#25;���&amp#15;J:�ƅ!�h�%`�&amp#12;־��z&amp#1;&amp#0;i�&amp#17;P�&amp#1;eSzs���L�$����O{��(��K���&��*��&amp#14;����&amp#21;FPi��U�&amp#6;'�Ig���9ƃ��&amp#21;&���&amp#20;���&amp#31;�R�cBcU0$�-S1��㬤zS�\JQ-���}�̵&amp#15;�Y��>��&amp#7;�+&amp#14;f��&amp#14;���د}��4t&amp#6;�c��&amp#12;&amp#14;�i���Ќ&�Ӝk@��t`��&amp#16;Y�D��
				���&amp#4;||���&amp#28;O&amp#19;}����52:�&amp#16;D�c�Ւ��aU&amp#1;�o�(&�&amp#25;$"smA�Rgd}�?&amp#4;ʸH���-�x&amp#19;�ǥ&amp#14;���]wm�&amp#29;�v&amp#3;g��ۖ&amp#29;�V�ii#�4ੑ"����&amp#25;3]�U�
				��exu
				�^��C)ӑ�� ��{\dB�w�<��bL.ěx��0����c˲@ú�=ӗ&amp#14;�M&amp#2;C�l��}l�s�����}E�g&amp#20;}^��&amp#21;x{�Pl��Y*&amp#22;�'r�Vo&amp#27;�&amp#3;�v�&amp#23;4`p�`�&amp#15;����&amp#8;���&amp#4;&amp#22;�}Bܝ���&amp#11;Y&amp#8;�nEn�s&amp#12;}�!g4_�T�z&amp#23;-�&amp#14;�jS��P{1$&amp#30;��&amp#31;R!�\����b��&amp#4;*�[*���'6��3�&amp#0;~URr&amp#7;Qk�ъ��ط,'�S=�;�/�Q�3�&amp#25;&amp#1;��L�p+�F���&amp#15;0����&amp#6;��&amp#2;ȶ��&amp#27;&amp#29;.��9�&amp#22;&amp#15;��S�Z^�����=�Ar��݀���l�&amp#26;��&amp#27;�����={a8�o&amp#21;{V?���0�&amp#11;L7��C�vv��&amp#1;�Tb���{��@(�ǒ�I}�C�2��fNcàT5�&amp#2;�cS-4�9fg&amp#4;��f��=�5&amp#27;	�#`6
				6&amp#27;,��O;�ín�����|ƍ��&amp#2;;p��ϻq��JCjMA+,Б�����9&��p�JS`����?ú!&amp#17;q�1�Kɰ&amp#26;Ǻ�{�M+([e}o��o���Y&amp#24;F&amp#16;�����κ�㟀<���{i�S빛�ӱ�=i�iQ��X��l��;&amp#2;A;+&amp#6;��&amp#4;��1����	��)���ʝ&amp#11;H��6d��\&amp#29;�����&amp#30;���D��3�~n��3�i&amp#12;��/k��w:�I���&amp#5;�&amp#31;/�	�=%��O'W������t:� �7ww��ۛ������~���O���������?���&amp#25;&W����\��o���ž�3v��	��p;�[n��c?�W�Z&amp#1;h&amp#5;!v;F�&amp#23;G�(V&amp#16;�%V�&amp#21;m;����X�?m&amp#25;'�0@;��&amp#21;a`55G�X;}��x�WE���Um&amp#31;��7��&amp#31;��=j
				endstream
				endobj
				22 0 obj
				<<
				/Filter /FlateDecode
				/Type /XObject
				/Subtype /Image
				/BitsPerComponent 8
				/Length 0
				/Height 129
				/Width 391
				/DecodeParms <<
					/BitsPerComponent 8
					/Predictor 15
					/Columns 391
					/Colors 1
				>>
				/ColorSpace [/Indexed /DeviceRGB 46 <000000ffffffbcbcbba8a8a7272727cfcfceb9b9b8dddddce7e7e76a6a6a949494bebebeecececf4f4f4e4e4e4cbcbcb3232324949490f0f0ff0f0f06262627d7d7d555555838383d7d7d76f6f6f4444444e4e4ec3c3c2b0b0b0f9f9f91d1d1d8888889292923b3b3b7979799f9f9f6464641818182e2e2e2222220b0b0b5b5b5b363636acacab9b9b9b3e3e3e>]
				>>
				stream
				x��]�v��&amp#22;&amp#5;��"��*��X&amp#31;U���ϻI�
					&amp#1;%P��:�&amp#24;g�&amp#16;&amp#8;�Y�,R�d&amp#8;<&amp#6;�)&amp#29;�q�$�&amp#19;��$	�8v=o�&amp#21;F��oC��7&amp#8;��!��'~&amp#1;td�&amp#8;;�=�<��&amp#31;�<�o&amp#3;J&amp#2;! ��ı:O�&amp#2;N�&amp#21;��%|8�&amp#29;�&amp#4;&amp#12;�8&amp#12;s&amp#30;&amp#6;Ð�����7��M��"L�\�iI/y1e�Y����&amp#7;���"LX&amp#3;&&amp#15;Ü��v�ğ޻w&amp#15;�)QO��2��&amp#25;&amp#1;&amp#5;�!�ܻc���)��8e&amp#12;&amp#24;�\{���0�{D�&amp#8;�)$�&amp#26;	b&amp#27;�޽����D&amp#12;�&amp#7;"&amp#15;Oi�&amp#27;&amp#8;&amp#17;V
				�0H�du��<,N�&amp#19;&amp#2;&amp#15;�c�wo&amp#30;&amp#23;K��&amp#2;�&amp#3;&amp#17;��q�&amp#31;��c&amp#19;&amp#30;���{��aY�K��I����Cc�8��0&amp#19;+�wO&amp#30;&amp#27;���&amp#12;�Ա&amp#22;��Ƀñ&amp#28;�&amp#24;8~v�<8ξ�&amp#26;�&amp#19;&amp#30;�ݑ&amp#7;�4qb#v��z�}�m&amp#19;&amp#30;§��7v�c&amp#27;Ow�� ���[�����:�z&��&amp#14;&amp#18;@&amp#16;&amp#30;n�՘E�{���&amp#30;	&amp#22;��Faܘ-,=yh&amp#1;ƃ߹ť&X&amp#22;��&amp#5;�m�&amp#15;&amp#11;&amp#19;q�k���&amp#27;6|�7o������w�ƭx8Ĝ&amp#6;�I3�&amp#27;&amp#2;���=x5ͦn�i&amp#14;~xS�g�71�7���q&amp#26;�Fh
				�օV<x-����b�1&amp#30;b1��&amp#22;�&amp#8;&amp#15;&amp#3;
				V�&amp#25;��&amp#11;���I�ٿ�CG�&amp#16;4*�$<�鿻&amp#30;5���Ƀ�!i�f.0�a�&amp#31;&amp#19;����>[��&amp#31;���؁&amp#7;�7���~�$��&amp#17;�_��16�y��3�D��\&amp#22;�]��&amp#21;<|����4z�]�_})g�{��	x�Z�ݠ M�3�7�A�Jf3s+�`&amp#12;�NA���۠��&���7N��f܇&amp#6;x�&amp#25;k$x��-^�&amp#21;��rq�C�2&amp#15;�&amp#0;Z�*1-�&amp#0;Q/$�6��#&amp#3;y�����&amp#23;|&amp#26;-5߂��DC�
				Y�C>q֤���9�Zf��&amp#19;��w6�ɨ�&amp#1;����s&amp#30;D�}�&amp#31;&amp#25;5`[?Gxx��R|&amp#6;�����L������cG�r`�hR&amp#17;v&amp#11;&amp#30;&amp#28;ACS?���1!�ؒ���$DEE&amp#6;����&amp#25;��K��4�Ed�&amp#14;�Ϝ�&amp#30;&amp#29;pl�4&amp#12;��Y�+����|���&amp#20;x��&amp#31;��ǜjH&��	t{�	&amp#29;�8o�#s�=N�p��\���&amp#3;��0&amp#6;����r��?&amp#16;��a�Ӑ6&amp#2;d�d�ID&amp#21;q̍�E��`4S۟�IFc�-&amp#8;�&amp#23;WHd��&amp#15;C�&amp#16;s&amp#5;�C�&amp#29;��:Ѐ6d2���&amp#16;s�Y���x4�r�B�e�`2����&��2�j�>�&amp#1;&amp#15;3!&amp#14;����(�&amp#16;�'ٙyH&amp#14;��L�ɨ�&amp#25;O+&amp#24;�.�	��t�"&amp#15;���,��d��snr%�*�L�&amp#20;<�]
				3��[)�\�_&amp#26;潟�?h�&amp#7;( Z�&amp#1;&amp#15;&amp#17;g!�ן�����xx&amp#23;��f?t�|���d*؆���S�.� 5��f���{&amp#29;��ᆝ^B�a+r&amp#1;1\��n&amp#7;R�c"�&amp#3;~J t&amp#26;��vJ��]�x��%��&amp#11;]�}رg�o&amp#2;�/�#&amp#31;����&amp#15;`�&amp#5;&amp#15;a��L4&amp#15;т�r�&amp#12;���&amp#27;�<L�+R���)��}��A�C��%w&amp#2;&amp#24;�'�x&amp#0;3=l��(dy�&amp#2;=��x ��kP�"�P�q:]����C�d�&amp#4;�0��&amp#8;S.򰀖&amp#26;<ls�KX�n�&amp#25;&amp#2;�WC&amp#23;7����b�ȃ&amp#3;��&amp#21;������;�i_&amp#8;!&amp#17;��&amp#11;<��y�������>��L��I��COdVl&amp#16;S=y(��6jb&amp#21;&amp#4;n���SVH�Fm%&amp#30;^���v�8&amp#4;f��&amp#30;whf&amp#14;&amp#6;&amp#25;��C���݇&amp#12;��)'**�@X&amp#14;��1&amp#0;��B&amp#30;��5Fs&amp#30;��>�W�.��=����s�K���8nmr���&amp#17;І&amp#27;��t]33��&amp#25;��\⁺O��&amp#4;�&amp#19;pkف&amp#14;�g�d&amp#25;(~���&amp#21;��&amp#26;&amp#15;h�&amp#11;�@mJ?&amp#23;�� _֐�C(�P�&amp#8;&amp#27;KH&amp#16;a&amp#4;E�e�&amp#8;&amp#15;ٚ`�
				�F����XҰ&amp#21;��4&amp#4;c��V8Ǘ�&amp#18;;��&amp#21;͉��&amp#18;M6��NS>F���}��&amp#15;4&amp#22;�t���&amp#4;&amp#23;y�$����Ũ��x��h��&amp#7;&amp#18;Zh��*5��� &amp#20;+�,��������&amp#25;�`Do��&�1 R���&amp#15;\����k��9�Rj�O8���f�J���װة�%\�"&amp#15;,�N���x`�&amp#29;���A�&amp#21;�&<|I� 0\���M��&amp#8;�2�2S<��'h&amp#2;�&amp#4;Źb�某��|�)͏0y��|0���s&amp#12;S��<5�}&amp#25;H<&amp#20;��3z	�/a7Bn�1Y�l9�&amp#1;&amp#15;�&amp#11;�}&amp#5;��k�ƀ����2Z$���N�q&amp#4;:�5����q�_#��~&amp#31;����*ͳ�"�$-"�+ǛEF�H��g&amp#25;��E��z�&amp#31;gQ4QΜF&amp#17;m�&amp#18;Ex��(����&q���&amp#4;�<��ӠA�&amp#19;&amp#0;m&amp#30;ZH&amp#3;Ÿ��O&amp#24;�<|����➨�.&amp#15;�&�&amp#30;�f&amp#28;����aՎ�������a��z�I��c@��M��W��E�&amp#15;&amp#4;=&amp#30;�64��zLh���gm�:�����oC��&�⡕�Vk��&amp#22;��Ʒmk&amp#19;�/!�*tx��&amp#31;�2쫗,�&amp#4;����;I��&amp#21;t���!k�Ct��e������&��j_���Ư�CG�&amp#14;&amp#26;�{^&amp#4;��&amp#4;V���{}�߅&amp#14;&amp#15;I&amp#11;&amp#26;F�h����&amp#14;:����{;6&amp#29;&amp#30;�䖚�S"&amp#20;��*�\&amp#26;ҡ�9���(�_�h&amp#6;&amp#26;����&amp#14;&amp#15;Ņ�_�'Zf��E&amp#3;�x�A�	�&amp#25;�&amp#7;"�|�&amp#19;� &amp#15;�&amp#18;���&amp#1;֩o�vVp&amp#29;VV~&amp#31;�x|i�y�3&amp#6;N&amp#22;kڠZ�)�й�O}���&amp#11;���0�zE&amp#21;�&amp#25;&amp#31;YY�O�&amp#27;���&amp#26;bB�4�z�a&amp#30;Z�&amp#1;5z&amp#19;&amp#2;�&amp#5;�&amp#19;1?&amp#8;VZ��7&amp#16;&amp#8;t�>���+�&amp#14;&amp#15;��G&amp#7;M�&amp#11;��&amp#29;�T&amp#22;K#�&amp#20;{����y�&amp#21;C�ݞ&amp#30;G�;Y����[�&amp#7;^�|A�&amp#21;1&amp#16;o��&amp#14;�&amp#7;����W>�p\u:���")��K�������J��3i��
				&amp#18;uxXT&amp#12;s-��7��ÿ�h
				5E�&amp#22;�ȫ�&amp#2;GzZH&amp#6;ӊ�W&amp#11;��΅�&amp#21;8��R&amp#19;�RM�Z�ZŅ\&amp#1;p��&amp#25;&amp#30;&amp#17;.E�w�Ϝ���7[�Iճ�7`M�/���3%&amp#2;&amp#19;&amp#5;9=>b'�xui)�r���g&amp#22;���X��&amp#3;��	�ѻ7�Q&amp#1;˫��M����a܆�&amp#6;&amp#17;ꜝ�J&amp#25;a�&amp#11;Y&amp#6;΃b�r�&amp#2;c�*�h�&amp#23;�h�/:&amp#17;�x(�BD>&amp#18;xȕ�Q�QB����Û��&amp#23;�on&amp#23;�&amp#1;��ca_&amp#0;�a[2R<&amp#6;���JO^���&amp#1;��.��q��*Ŝ� p�ʎ=FE�i�&amp#3;���p}�/A��a�&amp#23;�&amp#30;&amp#3;q��&amp#2;&amp#15;@�&amp#27;&q�&amp#1;����v&amp#18;�^v�C�&amp#3;�F/&amp#21;�'�H��)�K�	$&amp#29;�>&amp#8;��z���s��xH��&amp#1;�2O����t�oy=���å:�&amp#26;hVx�q>IOU�&amp#2;&amp#20;��f�n�!&amp#19;���9첕�Ø3U&amp#17;&amp#16;�H��:��]��$&amp#27;���O�(m���&amp#5;1�|.��e�;&amp#30;����&amp#26;U��-@��V�o�sp8М�b��i�Cn�v8%���&amp#7;�f�W��*&amp#30;�`�S��R&amp#28;����&amp#27;�Gn�8&amp#15;�t�l�K���*A����&amp#14;Z��%���{&amp#5;IE)D�<H}���7�&amp#23;΃4�&amp#7; ���r̓=.D&amp#4;*&amp#15;]���Lcy>t&amp#18;y&amp#16;&amp#30;&amp#17;�&amp#29;���&amp#7;��5���áU�&amp#12;&amp#29;ݫ�&amp#8;���	��d[��@n��1��� ����]Y���8Vt�d�R�&amp#1;|���&amp#21;L&amp#22;&amp#24;5�A&amp#28;\(�&amp#24;��k��W��f%&amp#8;P_x&amp#15;�'&amp#23;&amp#0;�4E�.p̋V&amp#31;~c�	y(�Ap�/�)}��O�	��&amp#0;Z�&amp#24;[B��#����=�kK�z<�,�g�����Mz$&amp#6;�=!��CQ�-ă!&amp#15;E�ۨl*X;^��B�+<&amp#28;`�&amp#23;&amp#29;]T=�o&amp#0;&amp#30;2q�}W����M&amp#17;�u�mR������a��_PL&amp#29;�&amp#4;%&amp#26;@W�~&amp#4;&amp#30;FŬ�{&amp#21;yE|O��K}��M��E�I&amp#2;L&amp#22;&amp#22;+&amp#0;&amp#15;"j&amp#5;cj��&amp#18;��xh�b&amp#2;�,8�o#����&amp#19;�M&amp#0;&amp#15;��3SyP�F8^�b�M����� �I�'&amp#6;&amp#31;x&amp#16;)�|��2�B&amp#22;�&&amp#15;��/^��&amp#27;����&amp#2;&amp#24;8�z&amp#6;xP��/�&amp#7;U��q�ʤ<g��I�&amp#1;앺�&amp#20;�o&amp#22;�<�m�J����}&amp#15;�U&�q14��&amp#8;xPҷ���&amp#21;OG�q��&amp#25;*�P�t�ö�)`8*y�R&amp#27;&amp#3;&amp#30;��X�]��X��+&=yP�$8�W���&amp#7;M��&amp#3;&amp#8;��=n'&amp#15;W*���Sl)&amp#16;5��&amp#29;/����}@=I?��> `(1�Բ&amp#15;0}*�&amp#3;�&amp#27;M�C�yPS��Ȯ_�J%9�����bp%:�l&amp#27;��U���	��&amp#28;e�i�&amp#3;��%�&amp#3;&amp#24;���p��O�J���&amp#8;gM�g&amp#18;�3yX��&amp#7;i�&amp#19;���&amp#14;��VS� ��&amp#5;/�Z&amp#30;С+�&amp#4;'R&amp#3;�&amp#7;�j��B��y&amp#27;&amp#30;j�U!k_�]�&amp#17;&amp#3;|A&amp#30;�]�~C&amp#30;�{&amp#25;��U'%�S�&amp#28;V�Щ<�g[�32�%&amp#30;@g5�3h��C�&amp#24;��]��g4x�&amp#19;g3���'����&amp#15;�0e���F���R�	F&amp#14;&amp#21;��&amp#3;�&amp#21;Y�a�&J�&amp#7;&amp#24;����$&amp#4;�lF�}N&amp#26;g�Қ" ��"&amp#12;����r&amp#30;�	��	J�� )�&amp#23;&amp#16;���'&amp#23;>����&amp#20;�&amp#1;WL��wp1Y�0&amp#19;&amp#14;Ԕx��o&amp#2;��Yل�+�M5�vV&amp#6;CPQ*&amp#4;͡W��C>�f8�0&amp#31;s&amp#7;"��Hi��G+&amp#5;u��&amp#3;yB&amp#23;��Ɂz@�nd���x@3&amp#20;�����
				&amp#26;������7�&amp#23;�&amp#11;'&amp#28;��X�&amp#27;&amp#30;�$��u&amp#25;�ʊp�FSZo��;�&amp#21;[��C�&amp#20;K��&amp#17;O�e�&amp#28;�&amp#29;\�9\߳�����3JL�&amp#7;��v&amp#6;g&amp#28;V��jD�l&amp#31;��ݮ.cTW���y�; G�&amp#8;�&amp#0;&amp#15;?r]Q���&amp#11;�8&#��.V��E8&amp#26;����n��-&amp#18;#<Rrm7*6&amp#26;�N�_�[�2&amp#15;�|�ͪcs�����p_�&o,��&amp#15;�*�`��&amp#25;6�k�^&amp#14;�}F&amp#30;����&amp#12;��;fC�&amp#28;W��~���x�|����jyh���j/&�j)&amp#0;��&amp#22;��&amp#7;K}��&amp#25;�k(�n��&Gu����\&amp#11;&amp#23;����x�*&amp#30;�5m&amp#12;5&amp#30;|��*�wê�d�_�&amp#3;&amp#21;&amp#19;5��&amp#7;#��q$|�<�4����r�N�<Y&amp#7;Ś�\�}&amp#23;&amp#23;Sc)STɃ�-�3%ue׍�U����뾣F�&amp#26;W&amp#4;�!&amp#1;���&amp#21;<&amp#24;�>��I.���&amp#29;Vh<���}m
				�E�TTvX���&amp#22;��&amp#11;��&amp#3;���W(7�0�&amp#23;����W:���:��漾�ől�o�ڟ���}�U���|�l��y�e�ޜ�$Yl.o��\����:&amp#26;7�{3��:Z�Uq���x�e+�_q?b�[�&amp#28;��(�PFu����V�Jw��N6�H*��d&amp#2;Ln�&amp#7;ٓ���G���ݿ�w�&amp#31;������c�&amp#16;YH���c&amp#20;&amp#30;B�7��.&amp#30;���?��e&amp#11;&amp#6;<4�k�&amp#16;6�&amp#7;�i�iտĔ.e%��'!9��=>�)&amp#7;�c7ۜ��[cBy&amp#24;:ɯ�>��UD��&amp#18;y�qO�'4p����?&amp#29;�=&amp#2;H�`&amp#26;&amp#3;���=&amp#27;&amp#31;&amp#23;�ıMË�+��&amp#19;����x���e%�?�p?|�D-&amp#17;&amp#30;��)&amp#16;��&q\�C�&amp#6;�&amp#21;>C�{�h[�`4��U�u}�L�Bh9��y��-t�&amp#6;��ag�N8���C�;�<G�����-Hh&amp#0;&amp#30;�&amp#17;�n����&amp#14;��o9�&amp#4;.&amp#15;�9 Qu���y?�&amp#18;c�r�&amp#1;�aH�%&amp#2;3�&amp#18;�
				&amp#23;M�s��&amp#25;�&amp#22;1�I&amp#16;&amp#12;�&amp#1;&amp#1;�&amp#31;(&amp#2;ӌ&amp#29;����&amp#31;��&amp#23;���в&amp#28;��<&amp#5;����`�7�L$ɢ?�N���&amp#19;��~>���&amp#11;2ʖ�$Á�&amp#3;�&amp#15;���Q˲|?�C���@h'�O$�X�!39&amp#15;&amp#30;�&amp#7;Z�:�C�y�&amp#17;��Ԥ#/�0��&amp#17;�HP1&amp#24;yC�u��&amp#24;6 ��&amp#18;7�b��/nő�|�����&amp#17;���&amp#8;&amp#28;��&amp#1;G�JN
				endstream
				endobj
				23 0 obj
				<<
				/Filter /FlateDecode
				/Type /XObject
				/Subtype /Image
				/BitsPerComponent 8
				/Length 0
				/Height 122
				/Width 413
				/DecodeParms <<
					/BitsPerComponent 8
					/Predictor 15
					/Columns 413
					/Colors 1
				>>
				/ColorSpace [/Indexed /DeviceRGB 133 <000000ffffffa3a3a3ababab61616100f076a6a6a600e0ff00c8ff00ccff00c5ff00cfff00d2ff00e1ff00d4ff00d9ffeaeaea74747469696900dcff00d0ff99999900c9fff93647f9f9f9e2e2e200daffb4b4b4878787ffc800c3c3c3ffcc00ef2f4cffd100f6344990909000bfff383838ffc300d2d2d2007888fe3944e92b4fcdcdcd212121ffd700ff2c475a5a5a00e8ff323232414141191919bbbbbb2727273f3f3fe528514f4f4f00f3697c7c7c70707004e9751c1c1c00718808e475006c88ff7a2f0eda7400000c8bdd52ffdf00ff202e9592b400edffea00412a6f492ecf7d23e181268a581e99c415db941c56390c566c25bd6f132e2222a4611b613e14392807e66e1e925614442d02e29d1b784900e1a91fce7300deb2001015513717bf9a1d9d811f766320dfb81849401e00dbbd00001500d7c88fdf47ffb700908ac0ff7218ffe800998400c7ab00221d003e34005748006d5a00816900bb2a32170008d8313b3f0e116e181e95212afc1635ad2336998dab24070cce264600282d00c5de8c1833003e449c032f510d1e>]
				>>
				stream
				x������&amp#21;�u�
				!$�N���V��ݸ�����&amp#27;�M�-M�BzQZz�44��A/J&amp#15;�����s_&amp#26;ɣX^9����W&amp#26;I����{z3#Y6��N\�Q�r'�ϑX�G
				vyn���&amp#1;&amp#14;&amp#3;�N���;�V�:���&amp#17;�H��&amp#4;�&amp#27;��F�Q�zA���@�iج�F���(���a�9j$h&amp#8;�$�N&amp#20;xN��i���&amp#8;�&amp#1;6�Nݙi��&amp#14;�� ��il�&amp#26;j�:)�&amp#3;�P�9i�&amp#17;�7�&amp#21;5Mg=&amp#5;&amp#26;�o����|4�
				tmV��ם�FZ���幝���H���Y�۪;&amp#27;��j�&amp#14;h;��T&amp#11;���κ����j謳&amp#26;:���3���&amp#30;Ø��&amp#21;��eF��+���$D�N�8F�dϭ�-���$vh[�/�ꊧ&amp#12;�ԉ(&amp#22;��pblۓ&amp#21;�Q%2���[����U���sP�xKȷ�Vd&amp#11;J�Aph���]&amp#2;�&amp#22;�&amp#26;�Yz��N@'��&amp#0;&amp#25;���7_�����e"�ӵ"�&amp#4;�o�3��;V&amp#2;��0&amp#5;��G�Bt&amp#6;d&amp#23;J�o#F���p�l������&amp#16;:�]�&amp#2;�s��[���&amp#4;�A�� �]N&amp#8;�^�k��8�͒L��ǐ�&amp#1;�فP�$�m&amp#31;���C��W��xN���
				�ЅEI��=&amp#0;t�r��mˣ�N��&amp#17;�&amp#8;;��l$�6�Η�>&amp#11;� :''�T�&amp#31;�bQR-Eǥ&amp#20;عb�>&amp#1;&amp#6;&amp#12;u�&amp#27;D���&amp#24;&amp#15;�sr��j�`fg@XK�	�s�&amp#20;c���LI/�at &amp#30;L�v��w+�A�l����1��g+&amp#7;���u\&amp#12;j��&amp#0;<�"8@�&amp#7;߫0&amp#7;����c�=ѣ��tT�t�ծ2D-&amp#6;�&amp#2;�Yt�axnc��oWg~&amp#18;T^&amp#22;��6u����&amp#17;&amp#30;���e�&amp#17;:#t�&amp#6;ѹ�&amp#12;����߯*&amp#7;�,�.�3���t�mG�+��&amp#3;Ӧ&amp#27;F����&amp#12;N�}�f59&amp#0;v&amp#7;O:��	&amp#20;�F�ٝ#�e������F�͡s�*��fp�&amp#30;���&amp#28;&amp#0;��&amp#23;�wQQ.볉S�&amp#28;���&amp#0;&amp#25;��<wU��&amp#22;��{&amp#21;d��O�X!����&amp#0;|h��&amp#29;�����s^�#�&amp#2;�&amp#3;�.3�&amp#31;q&amp#18;B&amp#22;��*&amp#25;+����
				�!�m�CG���d��(\&amp#8;��Q�&amp#7;t&amp#14;&amp#14;����2t p&amp#31;wnc��g���D���B<�W�&amp#14;��&amp#24;�ߟ&amp#29;�<&amp#0;%<���&amp#17;&amp#4;�2t0&amp#0;�܈�,���o&amp#24;�B<��&amp#30;gAJpI:(�J�wf4=�3�&amp#28;:_�ta!��;KfcoB��&amp#1;�e�&amp#0;O&amp#15;��}���"w��x~��s{������Y&amp#0;���lq�u�&amp#25;&amp#29;&amp#3;<�W��6���<�&amp#12;O��*��j��y�&amp#20;��槑,#:�x�7?�&amp#4;��1�Ә�*eB�&amp#30;�O�x�&amp#29;�{�e@�K%�T&amp#19;&amp#28;mdJ�,��?=��o�&amp#12;�\�T&amp#22;���݇�gv&amp#11;&amp#27;,S:e�ܽ������/��&6V�tr��"�&amp#7;�&amp#1;tv���&amp#11;&amp#27;/s:�x�^�tvv�&amp#31;��12&amp#20;$&amp#3;ߏ&amp#6;=8o�iW	:fx&amp#0;&amp#28;Bggww�a�WW�R[���x��L���P�DR/��m��U�;&amp#3;:�/�&amp#7;��tv��K��ci1&amp#14;R�7�&amp#17;&amp#30;&amp#7;��&amp#18;w2��&amp#19;&amp#30;W�5���&amp#25;�1�s�&amp#3;�����]C�3&amp#28;d�&amp#29;hů!�t&amp#12;_&amp#29;��#,����)&amp#30;&amp#12;G�&amp#3;Z�=#�s�ec�z	��t�L&amp#30;���&amp#2;<�zE���&amp#1;|&amp#30;.��&amp#2;~�~��&amp#3;���́�N&amp#21;бml\k��ED�&amp#4;&amp#15;���&amp#3;�ςލM,&amp#24;��,��EW�n�1�&amp#12;�[�'4�&amp#24;I�t&amp#22;��A.&amp#29;�z
				sѧl&amp#14;ĭ�h�p&amp#30;���)�1ђ�z�\|�&amp#8;ϯ?(�s�(&amp#19;#&amp#2;'���W�q�H�WI��?�c���o~{����2&amp#17;�va+���,&amp#29;�^&amp#28;֫��\^���믽���&amp#5;t�&amp#11;��;&amp#3;������y�u�Y�&amp#7;��q&amp#3;���
				��>�&amp#2;Ӝn�L�4&amp#29;k@��F&amp#7;�����\�p ���a�&amp#5;�DÕ���Z��&amp#11;��i�5�)��&amp#28;���d�&amp#20;�&amp#28;rW�AQ��iy:=�&amp#22;�J'&amp#23;&amp#15;��uC£���&amp#15;E9���J��(�s�w�~N�gq�&amp#4;�#ݮ�&amp#24;�ҥ'��HC��w�X�h��9mg&amp#24;O&amp#6;Q4�-�c��9w9��@�s	�ْ�q��&amp#15;�X�&amp#3;�����D��,�&amp#16;en|��}aOm�S��c&amp#5;��T�«t��&amp#19;f�iO::G8+�Bg&DS\W�{��5c)y�V�&amp#12;�|.&amp#31;ϕ&amp#11;&amp#24;��gG���O&amp#5;�F�i�`��-*����&amp#28;G���}q�$�&amp#23;��L��YeJEG&amp#7;_&amp#19;�|&amp#21;�RN��X�����i�ˑ&amp#25;�|<�&amp#19;8"�mF�џ&amp#11;NL�꞉&amp#18;���7�&amp#21;u_8-8PGg��-Y&amp#26;:$>8�$:&amp#19;�J��9d&amp#23;�rċ�dH'&amp#15;&amp#15;����t&amp#30;���Tc�Ce�F/��:�]3��B���>�jh�tf�&amp#4;J��C�&amp#8;�\�N��T�2!�c��K�)&amp#29;=�˯�vmK�ggg����r��*��PS�p��V�ȉc��&amp#31;RXG&amp#12;W?&amp#14;�&amp#16;+�4h&amp#4;<
				�Ǘ&amp#6;Y2&amp#29;z�&amp#27;��J��bLg�� &amp#29;�٩f�p_8���q@+Ԝ���&amp#4;n�E&amp#11;�����@8�txvw�&amp#11;�hA::�&amp#27;��Ƭ��?�%e�&amp#27;&amp#8;�EG9	&amp#31;ܲ�{*|&amp#18;�`oR�$:�D&amp#27;�'?�� &amp#4;<ӈ�&amp#8;&amp#29;L��&amp#3;l�`E���?��&amp#27;˕9�,&amp#30;&amp#12;G��a�&amp#19;-
				W(e�ZS&amp#2;3
				@0Q&amp#24;&amp#15;r�Ig½&amp#4;O@�*%MG�,�&amp#14;AȊ&amp#2;7&amp#31;��79tzB���&amp#22;�<����ԥ&amp#17;_θ�■��9G�d�|�עKʚ�&amp#18;��&amp#20;��&amp#26;&amp#22;!&amp#25;)P��`r�I&amp#24;��8`������O��L瑂�ʣC&amp#15;��:`g�&amp#12;�n&amp#11;G��Б�{��׮e�&amp#0;>&amp#31;���&amp#25;in�PxQnH��!�k$?�G�̲g��*��$�[C'&amp#20;�0�&amp#30;��ؤ�Ç��,ĉ&amp#31;�a�k��cQ �&amp#22;�cl�J�&amp#17;�p&amp#4;<7��^x��p�&amp#11;fVђ�x8cZ+&amp#3;��#�ƳG~����/�Δ�&amp#6;e"���8�.C'��&amp#18;���%��&amp#22;�r�&amp#25;�`����x.Jp(�&amp#27;[�(��N��`E�;&amp#26;R&amp#18;�lR�,��&6'�d�h�����X�&amp#29;*e��8�&amp#3;,e��HG�S�zB�&amp#25;rk�le˨$&amp#29;�&amp#7;�y��,���/���S��'���;�}�}F���9���J:����9&amp#22;�#&amp#7;]K�6��$܇0�E�s�k
				��`�QY:&amp#24;&amp#15;���S��Pẚ)
				*��`������ЂG��9�Б"=�&amp#26;h��tx�!&amp#20;޻�:�&amp#1;�p̷�˄�E&amp#21;��&amp#24;��gk�Ų&amp#6;�
				�3�<�&amp#7;xz�Je�A:&amp#29;���%�+O�&amp#28;e�H}���p�L���X �3/&amp#20;�tiUA9^4�eDG����x�&amp#27;&amp#28;�����rO��Vz@
				&amp#22;?�ȷ�;�99�\&amp#16;�&amp#12;&amp#29;!&amp#16;��}�ӐΘfY�C�	qq��&amp#14;�Ȍ����O&amp#25;&amp#28;��&amp#18;O8&amp#25;����5�s����(&amp#29;��&amp#3;�4ˀ1�1E'�c&amp#29;���������tb�z&amp#29;�&amp#14;�&amp#23;����eeJ�&amp#30;&amp#14;�s�x&amp#6;��x��`-���!.d����q��&amp#19;&amp#11;�tU&amp#22;u&amp#15;D�u��)�;ų&amp#27;&amp#12;�&amp#4;J[�D:8�&amp#0;]m�DK�&amp#17;�5����58\ĉ&amp#29;�Ֆ>x��
				
				qc�7'\�BX&amp#4;?����۟|=K��&amp#29;~I�&amp#1;[C:}9+�� tH���W���&amp#16;>��ܼ)�Y��0�n�vE>,ZI��P�CBi�����P{$�p"fN(tK���&amp#26;��&amp#17;&amp#25;�&amp#25;IWc�ƞr�&amp#6;�_Jй��t�g)����v<&amp#8;Z�6�Z&amp#1;`�&amp#14;&amp#20;^�53]:�Iƅ�?!J<��&amp#24;�&amp#15;��&amp#19;T@s��ZR��Tj����'���&amp#22;�tc�^�z�lK��&amp#2;��йH�0<��/����ٕU*&amp#28;a&amp#12;-��&amp#16;3�V|�|�&amp#7;�#&amp#7;&amp#30;�&amp#3;��X��&amp#14;=,�&amp#28;��)�lJ��eBN&amp#4;:�i�`�K):&amp#12;&amp#14;�s�ty�#H?|)�OF���&amp#30;��}<���Ik��eS�OaƱ&amp#2;%��D�Z�<�]P&amp#25;:op8P�]|�R�vV��Ȟ&amp#25;�&amp#22;\�,&amp#30;a`k,�|���1VO����td<�c��\wn�J�y�ӯ��l>����K*V�7?��*&amp#17;,��H>\y&amp#16;&amp#23;���,�&amp#14;$&amp#20;��)CG�Z��`t&amp#14;�Yϑ9&amp#29;&amp#8;�ѩ��Ț�������&amp#15;�G&amp#26;f&amp#22;���у��}<幷G�8�m�@����Z�fƔgJbY&amp#1;��&amp#30;a�8�LQ��c�מЋ/�1&amp#29;&amp#4;&amp#7;�U��Q5����q�Ґ����$���&amp#7;q/M&amp#19;7���x�&amp#8;�>�7�g�d5�>� 5�B��!p&amp#0;�[�U&amp#27;�&amp#26;��u=�ƏiF/r0����:�l&amp#5;&amp#6;g��C�&amp#30;�Z�rFB�6{�&amp#25;&amp#29;&amp#6;���&amp#21;&amp#25;��j�ٲ��]�&amp#21;�
				!G$&amp#12;j�v1��!�Y��Y�&amp#18;���&amp#0;i
				Kt�&amp#6;���&amp#15;���&amp#26;&amp#28;2�4"&amp#15;�=��|6�^��&amp#17;&amp#3;:��p�P��D&amp#31;T���b455�(�[���+䟝&amp#2;}�$&amp#26;&amp#28;&!lOe�b�J�p��Z;#:ֿ>��@e�,&amp#28;�Z�4�&amp#5;2��	R�p�F�W��&amp#18;��&amp#20;�&amp#17;C_�&amp#16;�Y	{��ofx����ZNҤׯ�/w��Ҍ�?Ut�85t�Y�u&amp#22;��4t�T-�&amp#1;m��x`�Eꀶ��jz4k�@}ob���8a�&amp#26;�:��;���Fg������x��&amp#23;&amp#27;գ�sl�&amp#30;4�g&amp#29;&amp#5;��&amp#0;�&amp#1;��-�9�F���&amp#5;M&amp#7;҉&amp#28;�tȡ�Y	0�&amp#16;&amp#29;;&amp#5;?��&amp#15;htf&amp#26;&amp#2;"0����L@��؞��&amp#8;tkh�(�`&amp#5;Z���^���5
				&amp#0;&amp#28;2�JfD8����t[��T��w&amp#1;&amp#27;�L�fot&amp#26;8&amp#8;P��&amp#5;�8|�&amp#16;&amp#31;m�Ӊ�4�W�$&amp#21;���&amp#31;��h�
				endstream
				endobj
				24 0 obj
				<<
				/BitsPerComponent 1
				/ImageMask true
				/Decode [1 0]
				/Subtype /Image
				/Type /XObject
				/Width 163
				/Height 63
				/Filter [ /FlateDecode /ASCIIHexDecode ]
				/Length 380
				>>
				stream
				xڭ�Y��0&amp#8;E�Y�-�L��&amp#22;S&amp#12;�_B�鬘�!R�&amp#15;&amp#31;��`H)/O��|�Iȡ&amp#20;&amp#28;�%�^^u��D�ͧѡ$\і��%��&amp#24;h���&amp#18;�&amp#25;ԭ���_]�(<u&amp#7;��G&amp#3;y�3�0�j	�n�Հd4�&amp#5;Mm��T�&amp#22;�L�^�-Fhq�&amp#15;h&amp#11;�V&amp#18;��&amp#16;�K�%&amp#20;e���.&amp#28;�WR^H��Y�N�H�2&amp#23;N���]v��Ie���~R�&amp#28;OjWV#U	a��~d�*�&amp#23;�hR&amp#23;�&amp#19;}]�DB��2R��VE"�'�&amp#26;�d�("���lXl�(4�GpKG5Bů���FA�ME&amp#31;iש>}��:�&amp#6;�&1����&amp#1;|��^���Lj&amp#5;����#�P�$�a2�
				�d&amp#3;3�dV�y�I��q=�q1�V&amp#25;�K���+8�M���&amp#28;��q[�vTηD�&amp#27;��&amp#24;Ң�&amp#20;ś���Ϛ
				������g��&amp#26;�
				endstream
				endobj
				25 0 obj
				<<
				/Width 163
				/Height 63
				/Mask 24 0 R
				/ColorSpace /DeviceRGB
				/BitsPerComponent 8
				/Subtype /Image
				/Type /XObject
				/Filter /FlateDecode
				/Length 2210
				>>
				stream
				x���g[m&amp#24;����ȋ�&amp#24;5533�LԣJ��(#�l�J�&f�t���&amp#25;�ً)��&amp#25;�&amp#26;�Y_T�iTKլ���لm�jk�v�~5K��<����}�t$��}Qwι�����~|���O��&amp#26;���p�����Z��&amp#20;�!�H@q4&amp#26;&amp#29;&amp#26;&amp#26;�x<: ��.&amp#11;4vvv`�Ç&amp#15;:&&amp#21;�p8�����L&&amp#3;����򱥥e||\G��177W__��qGW����^B�&��`V2�_����}���x<n~Օ+WΝ;'�t:�w����`V2�޽{��i��O�����N,D�ccc���:�&amp#21;&amp#14;&amp#28;&amp#25;w&amp#14;&amp#4;&amp#2;�/_6����ibbB�&amp#24;I__��d���v��&amp#28;�u���d2Ic~~�������X������©����������Zz�|�cX-8y�-������D{&amp#26;7n� &amp#26;����&amp#15;��Ǐ&amp#31;������&amp#11;X@N�R)e�&amp#15;��ۋ�^�xѤs,&amp#22;C}=y򄠽��hr���&amp#22;&��zic&amp#24;�������a�k�>}J��0E�F&amp#4;�����"&amp#23;�`�"�&amp#31;&amp#11;�D�t���q��ȑ#�m��#&amp#0;��ڰ��Uе��R���씾jee�������"����� �w&amp#29;T�&amp#5;�,b&amp#12;&amp#22;�����PY������S�&amp#24;���I���&amp#31;�Ν!����`r�q���&&amp#31;?~��9&amp#11;&amp#23;lM���t�R}}������&amp#15;�BKKK���RqC&amp#22;Lutt��&amp#28;}.��h�h4��e}�&amp#4;<����;G��I�G2�&amp#12;>&amp#8;�$VR*Y&amp#18;roݺ��ӧ��&amp#1;&amp#24;7�9�&amp#28;�&amp#23;&amp#14;��&amp#15;7$G��3?z����)w�@4~���ag��u+C`BbH�)��Ν;{�̑H���9&amp#2;&amp#14;����D4I��&amp#2;2�رc$�=yf�8�B�s&amp#4;��|Q��͛��&\C1q�ٳg���*��ݻ�H*(&amp#0;㿱�aؙL�(Ϣ�1&amp#12;T&amp#28;�]*�bXXX@�&amp#25;&amp#22;MW�^U1�&amp#8;�l�6�O������&b�O777&amp#17;�&amp#5;���pOjs�>��dތ\�h!F155�h����SՍ#S�����Gc&amp#12;<���߳V�L�-{[t&amp#5;wV��q��mGɎ�&amp#6;�l�&amp#31;��r�dS&amp#25;Dooo�3�l�Q�h{v&amp#20;��&amp#0;��]�&amp#16;&amp#28;�B[[[J�9&amp#2;�&amp#0;z�&amp#17;ѭ����I�&amp#16;-d&amp#17;�߼y�&amp#31;R�n����$}�&amp#1;�qllL&amp#22;P�Jn���|��yĳ,O&amp#24;&amp#2;׫��{��&amp#21;�6�&amp#6;��&amp#14;��g;鷷���ŋ&amp#23;Yk�&amp#12;�	&amp#2;��K�v�%F&amp#1;&amp#8;�o߾5�&amp#31;�D&amp#24;g����t(&amp#20;���ˮn�G��&amp#22;�)8�!�C��hp\"	%��&amp#4;T4&q��!Jon&amp#11;˝����]&amp#1;&amp#7;S�T~
				P�&amp#0;���:�|��N�8��vt&amp#19;&amp#24;s�T��ڃO�L4�
				;p�&amp#0;�Q
				�={6k�b
				�&amp#21;ùV&amp#22;���47lhh�zd9��G.�T8Kr甽&amp#14;���K��O�(&amp#4;&amp#8;�\�4&amp#1;D�&amp#3;�Im�D&amp#27;B�C*���x<�&amp#23;s&amp#16;�&amp#23;�Ũ���b4���0d�&amp#6;���X"���&amp#11;VL$q��lH����l��&amp#6;�GAZ�,y��R�����`0�O�vjnn&amp#30;&amp#25;&amp#25;�S��-����DtɛY��&amp#31;fe��iS����&amp#30;�*(��&amp#2;[����g��r�� &amp#16;?�TΎ&amp#27;��׮]�#�Nt寸'EB�&amp#14;�k��w��� g	�v�N��LNN"�eU��Y�&amp#21;�9s&amp#6;����ke�o@^�*��&amp#0;��&amp#26;{&amp#30;&amp#12;�Eg�n&amp#24;��4�bYܤ&amp#1;��A0�p�6���&amp#28;��'���&amp#28;����jQ2s�Bc����ׯ&amp#11;&amp#11;&amp#11;���Ó&amp#23;���R�XZZ*X�
				ȘP&amp#0;�2\�dY�mll�	.B4&amp#25;��&amp#26;Ņ&amp#1;��CCC����(I&amp#25;��;�%���K^��w�&amp#21;&amp#24;I?р��sr�%5@4&amp#5;#�C����"g��L&amp#8;e����qa<&amp#14;N%�R^�,�&amp#8;&amp#31;�W�Kd�\@&amp#1;��A����&amp#25;�&amp#11;z��@��S&amp#18;:v���K���677��&amp#18;#�kcI.�^�,&amp#15;MLL ��&amp#2;G�&amp#31;qd�&amp#1;z�\&amp#3;��d&�t�h4J|��&&amp#17;Ȅ	���&amp#16;R���&amp#25;%�r�&amp#8;�F	&amp#17;�N#��&amp#31;��ҫ��@�///KJ��&amp#8; �&amp#15;�Dʠ�"&amp#5;�&amp#6;y<������*8���ێ�5&amp#5;�d2&amp#20;
				A&amp#31;$B��_ȕ�
				݋��߾}�a�(�%&amp#26;Z�G�n4��7���KXF�����0V>(�rŏЊ�
				��&amp#1;�&amp#27;Z�p(%ԯ=墨"&amp#16;ϡ&amp#18;]��&&amp#8;Kb�V�&amp#19;�&amp#18;���n)*&amp#28;����&amp#12;�&amp#24;���a��EiC�������E&�A&amp#15;�0+&amp#5;��㡆%�RV��ij�&amp#31;?�@U#���&amp#30;>|H4njj�Y���0&amp#27;���}Wg�W��&amp#11;�p&amp#24;B�N�Z�χ����*�	&amp#19;�u&amp#21;��@I&amp#11;e�ZG;L�ֺ&amp#21;��&amp#3;X-�&��&amp#2;d&amp#2;R���&amp#30;��u��&amp#17;&amp#12;&amp#6;��&amp#14;�h"|*�����&amp#30;(�&amp#20;�M��4oii�D"4tҲ���zM^�P�&amp#0;Ѳ=[Q����Э��&amp#1;~�``@ǡ����c�&amp#30;��atww���&amp#1;�@��&amp#25;gE��&amp#1;:E�&amp#19;��{?&amp#0;�!VQ� n+��&amp#1;(1�&amp#31;rWT/�g�u&amp#28;j&amp#30;�&amp#5;Tǡ���7�&amp#20;U���Y}�� �&amp#5;&amp#4;���
				endstream
				endobj
				26 0 obj
				<<
				/BitsPerComponent 1
				/ImageMask true
				/Decode [1 0]
				/Subtype /Image
				/Type /XObject
				/Width 80
				/Height 80
				/Filter [ /FlateDecode /ASCIIHexDecode ]
				/Length 331
				>>
				stream
				xڥTK�&amp#4;!&amp#8;�s&amp#26;��j.C��G��@����̸�^��x���T�Η&amp#3;���&amp#22;��+=��H<&amp#28;\&amp#7;��οD>o�3X��&amp#2;�Y��W͚|�`F=&amp#20;&amp#16;�{O&amp#24;
				&amp#29;/���\���&amp#16;C�#�&amp#0;��&amp#21;�� ���^�ɰ+4�&amp#30;&amp#24;X�%#��iO��d�ê��&amp#24;솻&amp#11;UVO-A��Y&amp#15;&amp#30;LP�Q�|b�&amp#28;�i%��h-�f���/�*�X1X`��&amp#12;lż���8>�&amp#16;��&amp#24;&amp#15;&amp#12;���/&amp#25;�΢���&amp#19;X�=�&amp#4;�&amp#3;d?&amp#1;Vz�s*hd"k����Ϲ&amp#25;;�a�h\���h�.G6�+�|�sIi7�6�s{�&amp#31;���ss!��\&amp#11;2�(&amp#4;�&amp#20;�*��U�e
				&amp#18;��_��CPU&amp#15;���ʛ)�Srx���&amp#28;��&amp#1;&amp#5;gz�
				endstream
				endobj
				27 0 obj
				<<
				/Width 80
				/Height 80
				/Mask 26 0 R
				/ColorSpace /DeviceRGB
				/BitsPerComponent 8
				/Subtype /Image
				/Type /XObject
				/Filter /FlateDecode
				/Length 1598
				>>
				stream
				x��\�O[U&amp#24;�S�&amp#4;Ƌ�J6ǋ�&amp#12;t�^�jf\d��T�d� {!��&amp#22;&amp#19;&amp#6;�&amp#31;�/n�͍&amp#24;��h;��&amp#29;--&amp#1;C��m�Q&amp#6;��-ὴ$t���n���B��������ޞs����<�y�9���)�B(�P���\.�������ݭ�j;;;5�&amp#5;&amp#31;�&amp#21;&amp#23;�&amp#19;*�&amp#26;*�ɳ�1&amp#18;���~��n4&amp#26;u:&amp#29;��l6��.sss�p&amp#24;&amp#21;�{,������P&amp#1;�P&amp#25;M�&amp#16;��	*$3���i����&���t&amp#6;&amp#2;����D;A&amp#19;4Dst���!�M6�^�w``�`0&amp#0;���&amp#12;�n�&amp#21;:D��&amp#28;*�����d��b&amp#25;&amp#31;&amp#31;'&amp#24;��8:�
				(����&amp#20;�nhh�l6OLL`2�V&amp#7;&amp#21;P&amp#4;uP
				�
				�&amp#29;&amp#29;&amp#29;�_&amp#29;&amp#25;&amp#25;�4�q�&amp#26;J�&amp#26;&amp#0;��&amp#24;&amp#12;&amp#6;q�&amp#7;&amp#7;&amp#7;���R�&amp#2;&amp#0;�&amp#0;&amp#24;��������&amp#29;V���5o�&amp#0;&amp#24;@��������Y)$�&amp#0;&amp#12; &amp#1;&amp#24;��!���fgg���(�&amp#4;`�ǖ,���'&amp#11;�K&amp#1;<V�a-��IK6J&amp#25; �&amp#27;�&amp#0;&amp#19;$	�xU�&amp#6;T&amp#26;���&amp#6;&amp#7;�T&amp#14;*�&amp#0;*&amp#0;&amp#19;�"&amp#30;p���
				YQ&amp#0;&amp#24;�	&amp#26;"��3]��,�5�mz}OɁ�r�~&amp#0;&amp#24;�&amp#19;��&amp#16;� fS&�
				-�N�8�����綠P�%&amp#3;��%�&}o��&2&amp#21;�G&amp#31;&amp#28;Sت�s!Q &amp#17;XZZ�&amp#1;Kɢ\�|��g�&amp#7;�&�H3�y)0��W�ĐMOIe��&amp#1;
				 �n5�׋�Z&amp#1;75<4&amp#28;C&amp#22;��3��&amp#7;&amp#5;&amp#16;YwU�a`&amp#22;_j��c��),b&amp#27;ŉap�
				�%���L
				�󥗥dweg���c�&amp#2;D@'�&amp#4;���N�S&amp#1;�~�OJ���&amp#15;F&amp#31;�P&amp#4;: ��O�HD��3\]�giccQ�7��0�"�&amp#1;�Uױ�~��db��ѣG�sLF&amp#19;J����&amp#28;&amp#14;���|�
				>�ܹs���玎�[�`�h�&amp#4;&amp#6;H�&amp#26;Wc�߽[WS���E��&amp#22;��!b��f�ք��q�ЛoE�h�{e����@ �ɤ�F#}狋�r�&amp#27;S������\���gU�l�Ȍ_y{fV��&amp#31;i �&amp#20;��\&amp#12;�B:���3#��[R&amp#26;&amp#31;?Y�����K�Z�6��9Rz���b&amp#30;d�����&amp#17;c�g�.�����JT�;r�&amp#31;ٜ���&amp#20;�&amp#1;j (�b�Z�n7q������-�˧�,&amp#3;5&amp#16;�?�	���}���_�ܿO�E峕&��#���R:gQ�&amp#21;&amp#0;�&amp#21;�V&amp#27;&amp#14;��z���ƉlQ��L�yP&amp#3;A���N��&amp#3;&amp#21;�&amp#15;s�{��U`!�&amp#6;��+&amp#26;��8�E�ĉo��/�� +�&amp#25;�i���:� �Kc���&amp#21;�dMn�4��&amp#31;_Vk�rE�<Z7�'.�'A2|&amp#30;��&amp#27;�ż��/����&amp#27;4�de�&amp#17;N|wde1��Ǔ4�Bۅ&amp#11;��p���|��&amp#2;M>h�1�㋢��OJ���J�B�RR��MOI�]�&amp#27;1�U�}�n=��&amp#21;\�&amp#24;���~v�����9&amp#2;�z&amp#29;�?o�(�&amp#5;�&amp#4;��Z��Y��I#Q�͗lwi��X���sM�\ɦn�J&amp#16;n�Yo�4iL&amp#19;8&amp#22;~|?>�!Cc&amp#22;�r����Y~��p8&amp#8;<s��2�n?4&amp#24;&amp#12;������T�	&amp#2;<��
				���<&amp#22;*�sr&amp#23;&amp#22;&amp#22;&amp#18;E���n��<�Ɇ&amp#6;��l1�	`l�<�@}^eyy�@Y9+��--&amp#4;&amp#24;&amp#18;:�"P�G�x<0B&>�lW4�Sv������b&amp#14;VE7&amp#11;�>���&amp#15;�30����O��2Ӷ�k��Ԓ�&amp#24;&amp#25;x���p����������Q��Ws�x�&amp#26;�&amp#27;���k��9�6�;&amp#12;���J�^O���<!&amp#19;�~*B|^TP�y`Ae�EQ�y~QT��F��z�ǉ&amp#26;�z޷&amp#18;EU��E'�zޗ��zއ��d���&amp#28;&amp#21;���.&amp#21;��_�T��&amp#20;RQ����E�'�)I%�&amp#3;�&amp#27;�b
				endstream
				endobj
				28 0 obj
				<<
				/BitsPerComponent 1
				/ImageMask true
				/Decode [1 0]
				/Subtype /Image
				/Type /XObject
				/Width 80
				/Height 80
				/Filter [ /FlateDecode /ASCIIHexDecode ]
				/Length 382
				>>
				stream
				xڕ�[�&amp#4;!&amp#8;E�Y�����7cp�K&amp#24;y)v�ɌIwU��\A(�_&amp#11;�\-&amp#1;pv�R��&amp#15;>\�k��"~�eK�ﷱ&amp#21;�wL&amp#1;�{S���]�Vp'>&amp#14;p���8�X�׆��s��&amp#21;���&amp#14;�9}&amp#18;&amp#0;��u�iʅq&amp#14;M�~��]w՚p��D�ږ��ث �}&amp#21;4�h�����r���=ph4t;+�&amp#27;[�P&amp#12;��&amp#5;h&amp#21;v)������FN�2I"�w;&amp#12;�g�0�q���&amp#24;�&amp#11;��&amp#17;f3�&amp#29;��(&amp#4;&amp#30;��:q���9&amp#26;�&amp#28;gE� ?H�$��	�&amp#22;�`*/&amp#24;DfE&amp#31;�F�Z�Y��ݜYU���Ġ�>�=��^�&amp#25;�!�,.&amp#19;�jQX���fO���8��Hd0��+T�RZ��Ś���&amp#27;g`&amp#29;z�kG�;&amp#23;n=~�&amp#5;��Q*�F�}
				ݦ��2�&amp#26;q��w��2P�&amp#27;�@�N�ۄNM&amp#14;����,��&amp#0;p[vA
				endstream
				endobj
				29 0 obj
				<<
				/Width 80
				/Height 80
				/Mask 28 0 R
				/ColorSpace /DeviceRGB
				/BitsPerComponent 8
				/Subtype /Image
				/Type /XObject
				/Filter /FlateDecode
				/Length 1857
				>>
				stream
				x��\�oSU&amp#20;�[T�&amp#18;&amp#8;`4���&amp#24;���&amp#4;C��/Q�D�!�@B�DP�2@&amp#8;( "&amp#12;&amp#4;4�����&amp#16;����¦l&amp#20;꤬�ڵ���^���}�SJjm������������_���s�=����(w�&amp#14;&amp#25;�T*566&amp#22;
				����;;;�����ڜNg�M�&amp#7;|E!~B&amp#5;TCe4��0
				�&amp#16;�ł����s�\�&amp#18;&amp#8;&amp#4;��0�LMM�<�
				�M�&amp#7;|E!~B&amp#5;TCe4AC4G'�P�H&amp#19;�&amp#4;�t��~�pp0&amp#30;��r9���	&amp#26;�9:AW�&amp#16;��&amp#27;�H$�����x���ĄYݢ+t�n�9��&amp#7;��h������{dd��j2�8:�&amp#16;&amp#24;&amp#8;��&amp#22;R����@WW���(����0&amp#4;&amp#6;�p&amp#24;&amp#20;C�&amp#24;���0���АEkJYk&amp#12;���@mF�8&amp#14;3|�ܹ�Or�h�&amp#1;�&amp#1;f,&amp#29;h||&amp#28;[&amp#6;f�&amp#6;&amp#2;�)�`&amp#3;̀%���~�����^���&amp#25;�&amp#4;�L�&amp#25;&amp#22;���grr�~�&amp#22;&amp#8;,�1�g.X�V+K5&&amp#5;�&amp#5;&amp#25;҂	�[�E�`�z��5��ԡ&amp#24;&amp#19;&amp#5;&amp#27;�Vc�0i0�ue��&amp#4;V��aQ�&amp#6;&amp#7;���-&amp#16;&amp#24;&amp#6;�&amp#6;&amp#26;��>���^&amp#2;�`[��&amp#5;&amp#7;&amp#6;>&amp#27;݃�Yv&amp#23;&amp#30;�17�aQ�i)��!�ڔ;�*EC�,�"d&amp#22;�Hr&amp#1;/��V-�w���h�n��
				d]R��&amp#11;a�f @�[��>_�=�O��QK�`&amp#30;&amp#16;&amp#24;�G����4�1��4́��W&amp#6;j&amp#6;&amp#25;&amp#16;&amp#0;D�Z$&amp#18;Ad�b���-.���š?jc�&amp#0;D3+��&amp#25;�[x���J�W��\p�)&amp#21;&amp#18;����a&amp#12;���>�/{r�"Z��&amp#4;&amp#16;��������� co���$?}F�\�&amp#14;2�&amp#0;&amp#20;�'A&amp#16;�n7{vQ�&amp#26;�Ɔī&amp#1;�/o�}8s|&amp#19;��u�q����?���"��&amp#3;P�<v,&amp#22;����&amp#14; ���쩽����B�>�V&amp#17;,I�&amp#1;&amp#20;�U)�L��W2'�s�&amp#30;e5�;^�����������ϯ��y�%?z�Q�en���&amp#1;
				��
				S����0�*��3G�U&amp#11;&amp#25; ?m.d�&amp#2;��c�B�XL�L"}h5�*�*ؕQ|(&amp#20;
				&amp#4;&amp#2;�:I�x&amp#5;nC��1Ӻ%��K�W�D&&amp#1;&amp#15;�έyXS�M4_�&amp#6;��%����pXW'���1���ͬ���@ʓQ���&amp#22;�$&amp#2;4&amp#0;���&amp#1;���&amp#14;��#^��U��v&amp#25;&amp#29;r���)x+�Uo����W؅�K]&amp#20;#�>���}&amp#21;2&amp#0;�%mmm<ϛ���d&amp#30;t�Ӫi���ut�U��h&amp#0;XZ�t:�^&amp#30;��>q&amp#31;>$\p��2]��aEu&amp#4;h&amp#0;XZ��Ң75g :ȴl&��,���&amp#28;%��2x&amp#4;4&amp#0;�=޼l&amp#31;XI�h��&amp#8;d�&amp#18;/��׀<�·E�M���ٝ�<��&B&amp#22;Ο��&amp#18;��(�&amp#6;�U�&amp#2;Ň����&amp#27;&amp#23;��2�v&amp#29;tP&amp#18;A&�+&amp#3;����HB�)&amp#24;Um]n�Bh=}�&amp#18;A&amp#27;N�U�G&�&amp#19;Ib�� �K�,\$Xl�g����
				c�T�&amp#27;&amp#6;�Im��P���&amp#20;!/-�����m�8&amp#12;pR�O&amp#26;�&amp#23;����Im{���͍&amp#4;Kx��^|z�&amp#1;6*�&amp#5;����޺�&amp#5;���T&amp#0;Nsk&amp#31;Q;�0�C��Z&amp#26;���trӓ���˗*�`�S���L�&amp#24;�+��s�1��yi\�&amp#19;)����&amp#7;T����J�W&amp#21;�f]�&amp#17;�9��|&amp#29;���g����oX��&amp#30;%ք�&amp#26;�oޫ���b�������u&amp#6;���&amp#3;d+tx��(���&amp#21;����+"ٓ�T&amp#14;[&amp#23;�:_V���ͷ���Y~�j��=F&amp#24;��7������&amp#31;�SU�h��IJ�]�HÇ�ŭ&amp#27;&amp#30;'���rV)�F�G��^g��\ ]�e�G'DC�qn%Ki���t&amp#31;|f&amp#21;_���2���&amp#20;S�C��&amp#11;�&amp#21;&amp#30;��Z���Z�����¡�y���[3&amp#6;$�~�ĭ~�,�ge������[$�y��|���j����z�,�'�Wlv&amp#29;*�a�&{��&amp#25;&amp#20;��*�d�[���w�=��d��F�]L��KVv�\M�e���0߬��K8&amp#18;j�C�&amp#27;gO�a�:�kA5��3���&amp#29;��-��X�O�&amp#27;&amp#23;cΡ��C��:қ�!$������&�&amp#25;�kྙb���������}Q�~��&amp#21;���.����&amp#23;�V�k&amp#20;!��}��`��}�&amp#2;��}�����}�"��}��I����E����d��+(%��&amp#31;E)���F*�&amp#14;�'s���&amp#5;&amp#0;�e
				endstream
				endobj
				30 0 obj
				<<
				/BitsPerComponent 1
				/ImageMask true
				/Decode [1 0]
				/Subtype /Image
				/Type /XObject
				/Width 80
				/Height 80
				/Filter [ /FlateDecode /ASCIIHexDecode ]
				/Length 293
				>>
				stream
				xڥ�A&amp#14;� &amp#8;E��FcR���&amp#24;��&amp#17;�(&amp#5;�L�I]̴/���?��Vn��&amp#29;&amp#0;a3M���є:�} V.p�BK��,u}jց>g�!Jvq�e�F�+H&amp#18;M&amp#7;��}�2&amp#29;�#�RPJm*���)�`8*&amp#12;�@� �*wg�.&amp#27;&amp#23;e��E��0Um�&amp#24;i3�l��4�&amp#0;{��S?S�5UB&amp#26;T�s��_����&amp#28;�ϒtV�a�&�&amp#25;�H&amp#30;"�&amp#21;�&amp#19;���df&amp#16;)���0�&amp#5;&amp#6;�>�L�	&amp#12;��:a�N�1�1f&amp#6;�&amp#28;c9�&amp#6;r+��v��&bO�9&amp#16;ݍL�Lts!��&amp#23;D��&amp#16;&amp#22;+�](r�nep����"�dC&amp#21;��y#�vN&amp#14;w��d��&amp#11;�)bP
				endstream
				endobj
				31 0 obj
				<<
				/Width 80
				/Height 80
				/Mask 30 0 R
				/ColorSpace /DeviceRGB
				/BitsPerComponent 8
				/Subtype /Image
				/Type /XObject
				/Filter /FlateDecode
				/Length 1227
				>>
				stream
				x���o�P&amp#20;��-3&amp#19;M|�,Q_|�W\|�M�1&>���ɒi&amp#22;&amp#31;�,�G�/s&amp#24;�&amp#1;Y&amp#12;&amp#1;��&amp#5;��&amp#8;&amp#18;&amp#17;�l&amp#25;�L6���&amp#5;��7#ֆB��ܶڝ�&amp#1;ʽ�O{z{��&amp#1;c��/&amp#26;E&amp#20;ŵ��L&&amp#19;��fgg�^���v�\�=�&amp#7;|�I��&amp#2;(�¨�o1��uA&amp#16;R�T0&amp#24;�x<`I$&amp#18;�\&amp#14;,�r�Z����=�&amp#7;|�I��&amp#2;(�¨���&amp#14;%(`e�R�&amp#4;?}>_(&amp#20;J���b�V���&amp#4;UP&amp#17;ա&amp#4;��&amp#16;j�F���Ѩ�&amp#27;&amp#27;&amp#27;Tj�
				
				�&amp#22;�a�
				��B!&amp#18;����-//k��]�q(�	&amp#24;�9�H�����p8�������9��!��Q�6&amp#24;vii	�j6��tOU�5��4&amp#28;0�b�R�&amp#21;^\\4�"�C&amp#11;&amp#14;�8�����:^&amp#25;��&amp#6;&amp#4;p���&amp#27;p&amp#6;.q2���&amp#26;&amp#8;&amp#4;�d�&amp#17;8&amp#3;��&amp#24;�f����󛛛ցm&amp#8;\�cp�&amp#22;&amp#22;o@�&amp#15;��&&amp#5;�Q!#Zp&amp#1;-&amp#11;+!�I����&amp#0;&amp#15;�&amp#5;øe`�U=�&amp#23;.&amp#26;&amp#26;@K5P�&amp#2;W��P�&amp#11;&amp#14;m>&amp#15;Ǆ���7�k����G&amp#7;Ό)���&�i��p[CEt`�N'�nn�#���s�[b�&amp#15;m��0����&amp#14;&amp#12;�l�=�O_��.Ot$�ë�y&amp#30;��%'&amp#28;���KX=��F5r.�!��@u�vrx�{X��p&amp#30;&amp#8;]&�H3�y���&amp#23;�&amp#23;z���&amp#11;&amp#1;&amp#2;@:&amp#22;���Ȭɛ�ӷ�&amp#27;�&amp#11;&amp#4;�t&amp#28;&amp#21;!���Z���yٟn�J�R�����S���-u��;SS&amp#31;��&amp#2;I�&	�9@��2ܗJ���4���vU&amp#5;����&amp#31;?&amp#25;&amp#31;&amp#1;&amp#14;�Z�T��}>&amp#31;��$&amp#21;qW����k�M�&amp#3;���؂ �B!&amp#30;F�yo��&amp#24;O&amp#1;&amp#20;�&amp#12;&amp#11;f�yۅt0&amp#24;,&amp#22;��&amp#31;/���tR&amp#20;E���ip�\^@&amp#1;�i&amp#26;��9R�&amp#24;��&amp#18;��t&amp#28;��P�=<0./�8��&amp#16;Y��g2�D"A�_C��8ta��&amp#23;h&amp#0;����b�\�:��n<!�&amp#5;&amp#26;&amp#0;�︹�Cw_&amp#17;�*�V��^?�c���1&amp#2; ?�v��ժux&amp#29;�aB^�&amp#1;P~��r&amp#17;.&amp#30;���֟$�&amp#5;&amp#26;&amp#0;�g�N'aΫ�7���I�&amp#6;@~��C���&amp#30;<�@(ms奍�&���U��ro&amp#26;	��ت��:��g���'^��ɖ�&amp#21;��f��*�G\�L�U�7h��V�U�'i�&amp#5;��*�&amp#5;�|�j�ʧ�k�o.o�|��&amp#28;�1���x&amp#14;�9^g.o��:~���&amp#27;��7�n"��x;��6�We>�q�/3���|&amp#25;�3&amp#31;j&amp#22;o��P�g��&amp#20;�.�&amp#25;��&amp#12;��v���qX�b<oO�U&amp#24;�z$�y{]eG���`^m�&amp#19;�'����w��&amp#2;�ѧ^�fJ�zB&amp#30;Qm�h^/��&amp#30;��l�wCl���!�گ!!�g?�&amp#20;���o�&amp#16;[�&amp#30;&amp#22;�엔�>�a�&amp#23;�>��%��~v����
				�b�����}�oD)v�?�}���&amp#6;�=�*
				endstream
				endobj
				32 0 obj
				<<
				/BitsPerComponent 1
				/ImageMask true
				/Decode [1 0]
				/Subtype /Image
				/Type /XObject
				/Width 80
				/Height 80
				/Filter [ /FlateDecode /ASCIIHexDecode ]
				/Length 316
				>>
				stream
				xڕ�Q�� &amp#8;��9������!p�#l&amp#29;P���l���|AA��K��S�~�&amp#3;`,��d|&amp#11;����&amp#3;&amp#27;��&amp#7;���H��
				�{u	��F�����k&amp#5;[��&amp#0;!���#&amp#2;&amp#30;&amp#27;�VWdבC���&amp#3;|���&amp#31;������c&amp#29;
				�����H(�RF�&amp#28;V&�D��&amp#12;�k&amp#23;&amp#6;�]�(H&amp#25;-&amp#29;8�.ĳ>&amp#25;n��,�i&amp#1;&amp#6;-�g�0q&amp#12;&amp#22;�$P2�&amp#3;&amp#3;�&amp#21;=&amp#2;�c`��ΜU��&amp#22;&amp#2;���Io���&�������P`&amp#16;�������s�=�KL�^ܦ��U���N�q�J�\��\�9X~�iB2i�D��&amp#11;ٌ�^�yFipXA�B�[&amp#21;7�E��/��a��&amp#3;~w�̡��Û����/�tn&amp#12;
				endstream
				endobj
				33 0 obj
				<<
				/Width 80
				/Height 80
				/Mask 32 0 R
				/ColorSpace /DeviceRGB
				/BitsPerComponent 8
				/Subtype /Image
				/Type /XObject
				/Filter /FlateDecode
				/Length 1612
				>>
				stream
				x���S�V&amp#20;���vvv:v:�����N��/����Ӯ�Zw}a��qk�&amp#4;D&amp#15;	".�-( �.&amp#15;�H�~5&amp#14;fx&amp#4;&amp#18;�&amp#16;'�9?@���|�so�9�&amp#6;B��^&amp#20;J�V;<<�D"~���r���Z�V�Ųp-���8��P&amp#0;�P&amp#24;��-F��r�\(&amp#20;�i�f���e�X,&amp#6;�r�\��Q��&amp#22;|�W&amp#28;�O(�b(�Sp"NG%(`d�b�&amp#8;;�v���&amp#12;���|��hȭ&amp#4;��D��JP&amp#21;*D�F#�f�&amp#12;�P&amp#20;&amp#5;;K��Zբ*T�jQ9�0&amp#2;�����֖��N�R
				��w&amp#28;��	4��FE�~�������N��&amp#25;�n&amp#14;M�!4�FѴΰ�x&amp#28;�j4&amp#26;��J�k4��a�>-V*&amp#21;\a�ϧ�E&amp#22;�&amp#22;&amp#12;�&amp#25;0Fӆ
				�&amp#2;&amp#30;&amp#25;��:8p_��&amp#25;0&amp#6;&i�D&�q8&amp#28;xV&amp#18;�&amp#8;��I0L��1Bnll&amp#28;&amp#31;&amp#31;&amp#27;&amp#7;V&amp#16;�&amp#4;�`���x&amp#2;j�Y�&amp#25;R`�Z��&amp#22;\@�¶�a�����&amp#0;&amp#29;Ān�ձa�0�&amp#23;.&amp#26;&amp#6;@CP�&amp#2;Sa�bW�&amp#3;&amp#14;c�]�&amp#21;&amp#4;&amp#6;�l&amp#5;'b&amp#2;�g�ȟ�r&amp#5;&amp#6;�l��/L`0g&amp#27;p&amp#6;���&amp#20;�%� �2^�'?dإ&amp#4;��&amp#5;�ge� ��j�\&amp#8;C&amp#6;&amp#15;&amp#4;�&amp#11;}&amp#29;ۡRk�<{z~:r^&amp#24;&amp#15;�&amp#1;�G����&amp#6;�\��NEw��ÞZ&amp#11;&amp#22;v*&amp#23;#~^&amp#3;&amp#1; }�e�YDֲ��&amp#22;/t2�����&amp#12;&amp#29;�V&amp#27;#K�&amp#1;&amp#1; }�"
				&fb^蓽�Z�% C�Ž:W&amp#31;	�0�(P,&amp#22;)��&amp#27;·�B�:��[�T��&amp#20;9�������H��B�p8,��N^�w��3�n!_Q�&amp#29;�&amp#31;G/./�D&amp#6;&amp#14;����q��nW�]��&amp#11;�:�:�7��P��X9�h�&amp#5;&amp#2;&amp#14;���s����TPg/^��m֕aڐ���3q�䚗: &amp#3;
				hj9�4/t�&amp#31;pf<��PWf��r�����K�4���U�~��&amp#25;oWd(s�-��h�&amp#11;(��&amp#29;��j6�MYr�//t�îe|���;G�3�L�Q&amp#26;hm�pB䨬�Ax��0�}�/�,&amp#12;e�����3��D",�j�+ ��&amp#7;$��;���^�"�&amp#1;P|����b1�y&amp#5;}�b%x�$u���&amp#25;�'ռZ�@&amp#3;��&amp#29;׎W�&amp#31;��n�(.0���YP>a'&amp#21;條�Un�<$/t6&amp#22;�$ao��+�c	�&amp#28;�W�&amp#0;��X��z��'�8~�	���,�<�
				4&amp#0;��X,&amp#22;ś&amp#7;&amp#20;�^ŏ�&amp#16;L��$`�{¶�;�B&amp#20;��@&amp#3;�������0���ہ�����7��M��@&amp#3;�&amp#17;x�q�㏗
				O暞�A`���*�#��+�G�񏦠}��_�$M�FН���x�&amp#3;�K|9/�J#�{�d�|o�x����
				v|N&amp#12;{��<��L��*�[�|&amp#30;�9����K|�&amp#5;V����&amp#21;��&amp#25;�%*&amp#5;ȝ��擀���&amp#23;��&amp#21;��\T�z�9��'^�X�J�f���Ǐ���&amp#25;/�&amp#16;&amp#15;>��&amp#27;&amp#31;��E�&amp#26;��lj�Ũ��j&amp#29;�����&amp#5;�x��xy�?�jkh�x�h�ϙ��&amp#3;����I�+U���5�C4�׽�1]a��ZϢ&amp#5;�����i��}�f+��E&amp#27;i���*� zI�|����ſ�a�c���x�R7X�|;Qu=�����ӷ�҃&amp#23;�Y�Y�{	Ib=���^f]�&amp#16;�柮5
				���w����&amp#30;�v~]<�gP�*}�C���ݫs7��G�UO��N&amp#6;\�&C�g�g\W�ҧ�'owy�IF*&amp#3;�g J���34&amp#6;�Ҝ�Y� �&amp#22;Y�U���H��&amp#29;�	&amp#7;wd�=�rw��ڲ��j�,V0&amp#8;)Q�ߌ�l?�&amp#2;����,&amp#22;��&amp#7;&&��-����&amp#11;b��5Z��y&amp#31;����y�J&amp#16;S�O��,�y_�%�y&amp#31;V|���sK��>�X��&amp#5;b1��Q��<�7�)f�?�{1�|&amp#0;q�%=
				endstream
				endobj
				34 0 obj
				(opaque)
				endobj
				35 0 obj
				<<
				/Width 174
				/Height 45
				/ColorSpace /DeviceRGB
				/BitsPerComponent 8
				/Subtype /Image
				/Type /XObject
				/Filter /FlateDecode
				/Length 2069
				>>
				stream
				x��\��&amp#14;���kq&amp#11;�A&amp#27;��Z�7�p&amp#1;	!	L����nv�d2^&amp#7;�%qt$�e˖-[�|�\��&amp#8;�O�&amp#14;p&amp#14;?��<R���=C] �&amp#30;���������w��O�`��=#��_ԝ�&amp#1;8�f��&amp#11;��&amp#17;�L�&amp#15;�&amp#23;������'3&amp#14;����&amp#29;4�n'�&amp#2;�}l|�E&amp#18;C�&amp#4;1�|�?o@&amp#1;����Zf��&amp#26;	��G���U��&amp#0;� ^1�&amp#0;��&amp#6;�֯&amp#27;���FRm#��䬳؞��$&amp#27;�C�&amp#30;F�B�⎛�&amp#2;X;��&amp#16;�1|���'��&amp#12;�3�B&amp#18;X&amp#1;&amp#24;��0s#ç�� &amp#0;5$Dz�@!U��Q&amp#25;�&amp#4;(�1l��rŦ>׵����&amp#7;���&amp#3;�&amp#25;��RU�g��&amp#3;�ӄЀy�&amp#5;��p&amp#23;Z:�m0葫�q�&amp#7;&amp#0;��y&amp#3;�[
				a���?O&amp#24;��I����C����۶�H�S�&amp#21;��`���ŝ��^�&amp#7;��)�9@&amp#24;��*Q�¡��N:��7h^�ġ*����q�#�?&amp#1;/���&amp#12;����P.�k�K[��ŝg5d��GL��_M�9���Y�[��B��eۖ�`	3��&amp#24;�L]f���P��Ӆ���Ř?G��u]oR�#�7Z�&amp#15;�&amp#18;̝�j&amp#30;�����@3���#]>&amp#23;�J �t1&amp#15;9x�N&amp#17;�!B�&amp#25;&amp#26;�e&amp#16;A�&amp#16;�܊Y��$���&amp#2;�>K&amp#0;�����~��x�R�؏�ɥ{����H�[8�6 ў܇3i�������&amp#21;�=�4x�N&amp#27;&amp#22;�p���_&amp#21;&amp#16;�X.�Ä�DM��Ra��H9��E�RJ=e��O5��>WC]�h�3^�w�V��L����&amp#20;kݛZH�&amp#31;&amp#31;��&amp#21;&amp#6;��֝3����\&amp#7;2&amp#4;�&amp#19;=��&amp#1;���"&amp#15;9�2���~&amp#26;�m��S)&amp#22;��;NZ�h3�F*��2��Z&amp#27;|�;p�pA�؜jR�
				z�C�&amp#30; #�a䎙���b�G�*G�
				V7Q�@���L����&amp#6;(&amp#6;�����z@�&amp#22;��'�&amp#23;9&amp#11;&amp#15;[��M�H&amp#21;��&amp#18;�$��+�����1r�PFjJ&amp#22;c�+��x�&amp#18;&amp#8;�N� �Yq��Q��&amp#24;=��h����G�&amp#7;�&amp#30;l�ȱG����&amp#2;�a�`w��&amp#15;�b��&���b;ҩ� �L.&amp#22;|�&amp#31;�&amp#16;���@&amp#26;��l�Pb8�*&amp#15;Y.7&amp#28;��U\8|���΄�ń�nP &amp#16;��&amp#26;��`��I&4��g�����M�%&amp#31;�1&amp#2;?;&amp#20;�}C��ݥqd�q�L2��z� D�\7l;´�Ąћ&amp#24;�-�jl�G&amp#23;�&amp#6;�;\L�&amp#22;'�뽯JS,�&amp#6; �%<�	���)��vumD�&amp#23;�C"���&amp#30;A��G��S�֖�&amp#18;Jώ�@;�b��o�	6�#�&amp#21;&�F&amp#17;��5&amp#6;R����Ȳڇb4�&amp#26;��ԉϢ��Q@�0&amp#26;�b�PK�-[v�`&amp#31;c�&amp#28;e$2U.�8&amp#24;�P&�(&amp#16;,��v\��&amp#23;d�Mx�$&amp#23;"��	~�&amp#20;&amp#28;W&amp#5;:�O��#HL��pF��:���_�X�sL�����>3�QaMDǒ��V"�&amp#23;&amp#17;P����t����ޑ&amp#1;d��q	�?;_T�Xh�43�)"�4O�zD\9m�&amp#24;����@�b׋��&amp#1;�8���Q؂؏��&amp#21;L��Ζ�蹎��&amp#15;F�\@�˘�d��&amp#31;b^&amp#5;�mj��&amp#1;Ճoa�����	x��Ul4ˍ&amp#22;�H'`mh�2K�vdL��;�:���&amp#8;)WK�b(�<M�`���5&amp#28;� ͧ&amp#7;k&amp#1;�L�v�b��I �@&amp#0;��.�&amp#11;2����&amp#6;��D�&amp#4;{�&amp#25;U*�wg&amp#12;&amp#24;�A���B8���N�H�=�:�3K��l�5R�&amp#29;fO���Q�on�&amp#23;�&amp#8;c|��<aJ&amp#6;�ҽ&amp#30;�#ߡ�Gn��@��!�-ֻb��&amp#19;�;���;&amp#31;'���4j����2&amp#31;<��� &amp#18;��$�	ge&amp#15;&amp#28;̟�:����Hc���%�!�˩U���	�V�З��a�C���'��1�&amp#3;�gۏ�&amp#4;�*� �&amp#27;9|n,z&amp#24;�M�CQ�N��	%}�Q9zB�3c�f��i&amp#7;�>��l5�m�ٶ��&amp#30;(ې�x��&amp#18;4�B���&amp#22;��F�r/�s�{�h�Ա�ٹ=C&amp#22;&amp#12;&amp#15;:��&amp#3;��!���E�в�q��&amp#11;"}w&amp#3;&amp#12;yu�&amp#22;gNAp~&amp#19;3"[�W�ޯ��&amp#5;BA���&amp#17;x̳�&amp#12;,&amp#3;v�޷��x�zX��m�<�&amp#29;��&amp#7;�&amp#20;�P[�&amp#21;��&amp#1;EuR�<�T�LO�_�p=���M�-� �V&amp#21;ߛ����	��!�;r�l�;��-�_ћ�f��;M��"��ND��S�Z�����&amp#4;qPy�ͻ]f�$2Ⱟ��_>H.Pg�������N&amp#28;&amp#14;-$����7s��&amp#30;dp�&amp#28;�<�x�]H�l#���,*D��i����p�&amp#30;L�&amp#5;&amp#20;�پ���§&amp#11;E��%YC&amp#6;���[��ee�2�G$&amp#7;�]�=���-ۃG�&amp#28;�G�{Rc
				��&amp#24;樛&amp#27;_�����&amp#11;��q���&amp#6;�=ðe˖-[�l�X�&amp#31;jؕD
				endstream
				endobj
				36 0 obj
				(opaque)
				endobj
				37 0 obj
				<<
				/Width 22
				/Height 22
				/ColorSpace /DeviceRGB
				/BitsPerComponent 8
				/Subtype /Image
				/Type /XObject
				/Filter /FlateDecode
				/Length 513
				>>
				stream
[...]
        "gender": "male",
        "status": "inactive"
    },
    {
        "id": 8166859,
        "name": "Amit Automation",
        "email": "apiautomation1759587239373@opencart.com",
        "gender": "male",
        "status": "inactive"
    },
    {
        "id": 8166856,
        "name": "Amit",
        "email": "apiautomation1759587033418@opencart.com",
        "gender": "male",
        "status": "active"
    },
    {
        "id": 8166848,
        "name": "Amit",
        "email": "apiautomation1759586743459@opencart.com",
        "gender": "male",
        "status": "active"
    },
    {
        "id": 8166841,
        "name": "Prakhar",
        "email": "apiautomation1759586249395@opencart.com",
        "gender": "male",
        "status": "active"
    }
]
Content type: application/json; charset=utf-8
[8166962, 8166961, 8166960, 8166927, 8166920, 8166861, 8166859, 8166856, 8166848, 8166841]
[Api Automation, Amit Automation, Prakhar, Amit, Amit, Amit Automation, Amit Automation, Amit, Amit, Prakhar]
Api Automation
Amit Automation
Prakhar
Amit
Amit
Amit Automation
Amit Automation
Amit
Amit
Prakhar
]]></system-out>
  </testcase>
  <testcase name="getSingleUsersTest" classname="GetAPIwithBDD.GoRestAPIsTest" time="0.677">
    <failure message="expected [200] but found [404]" type="java.lang.AssertionError"><![CDATA[java.lang.AssertionError: expected [200] but found [404]
	at org.testng.Assert.fail(Assert.java:111)
	at org.testng.Assert.failNotEquals(Assert.java:1578)
	at org.testng.Assert.assertEqualsImpl(Assert.java:150)
	at org.testng.Assert.assertEquals(Assert.java:132)
	at org.testng.Assert.assertEquals(Assert.java:1419)
	at org.testng.Assert.assertEquals(Assert.java:1383)
	at org.testng.Assert.assertEquals(Assert.java:1429)
	at GetAPIwithBDD.GoRestAPIsTest.getSingleUsersTest(GoRestAPIsTest.java:33)
	at java.base/jdk.internal.reflect.NativeMethodAccessorImpl.invoke0(Native Method)
	at java.base/jdk.internal.reflect.NativeMethodAccessorImpl.invoke(NativeMethodAccessorImpl.java:77)
	at java.base/jdk.internal.reflect.DelegatingMethodAccessorImpl.invoke(DelegatingMethodAccessorImpl.java:43)
	at java.base/java.lang.reflect.Method.invoke(Method.java:568)
	at org.testng.internal.invokers.MethodInvocationHelper.invokeMethod(MethodInvocationHelper.java:141)
	at org.testng.internal.invokers.TestInvoker.invokeMethod(TestInvoker.java:686)
	at org.testng.internal.invokers.TestInvoker.invokeTestMethod(TestInvoker.java:230)
	at org.testng.internal.invokers.MethodRunner.runInSequence(MethodRunner.java:63)
	at org.testng.internal.invokers.TestInvoker$MethodInvocationAgent.invoke(TestInvoker.java:992)
	at org.testng.internal.invokers.TestInvoker.invokeTestMethods(TestInvoker.java:203)
	at org.testng.internal.invokers.TestMethodWorker.invokeTestMethods(TestMethodWorker.java:154)
	at org.testng.internal.invokers.TestMethodWorker.run(TestMethodWorker.java:134)
	at java.base/java.util.ArrayList.forEach(ArrayList.java:1511)
	at org.testng.TestRunner.privateRun(TestRunner.java:739)
	at org.testng.TestRunner.run(TestRunner.java:614)
	at org.testng.SuiteRunner.runTest(SuiteRunner.java:421)
	at org.testng.SuiteRunner.runSequentially(SuiteRunner.java:413)
	at org.testng.SuiteRunner.privateRun(SuiteRunner.java:373)
	at org.testng.SuiteRunner.run(SuiteRunner.java:312)
	at org.testng.SuiteRunnerWorker.runSuite(SuiteRunnerWorker.java:52)
	at org.testng.SuiteRunnerWorker.run(SuiteRunnerWorker.java:95)
	at org.testng.TestNG.runSuitesSequentially(TestNG.java:1274)
	at org.testng.TestNG.runSuitesLocally(TestNG.java:1208)
	at org.testng.TestNG.runSuites(TestNG.java:1112)
	at org.testng.TestNG.run(TestNG.java:1079)
	at org.apache.maven.surefire.testng.TestNGExecutor.run(TestNGExecutor.java:155)
	at org.apache.maven.surefire.testng.TestNGDirectoryTestSuite.executeMulti(TestNGDirectoryTestSuite.java:169)
	at org.apache.maven.surefire.testng.TestNGDirectoryTestSuite.execute(TestNGDirectoryTestSuite.java:88)
	at org.apache.maven.surefire.testng.TestNGProvider.invoke(TestNGProvider.java:137)
	at org.apache.maven.surefire.booter.ForkedBooter.runSuitesInProcess(ForkedBooter.java:385)
	at org.apache.maven.surefire.booter.ForkedBooter.execute(ForkedBooter.java:162)
	at org.apache.maven.surefire.booter.ForkedBooter.run(ForkedBooter.java:507)
	at org.apache.maven.surefire.booter.ForkedBooter.main(ForkedBooter.java:495)
]]></failure>
    <system-out><![CDATA[Request method:	GET
Request URI:	https://gorest.co.in/public/v2/users/8153038
Proxy:			<none>
Request params:	<none>
Query params:	<none>
Form params:	<none>
Path params:	<none>
Headers:		Authorization=Bearer 941772c939576f3e1998a1ddfb7ce810dc899247e089ef002b2f78eb32750349
				Accept=*/*
Cookies:		<none>
Multiparts:		<none>
Body:			<none>
Request method:	GET
Request URI:	https://gorest.co.in/public/v2/users/8153038
Proxy:			<none>
Request params:	<none>
Query params:	<none>
Form params:	<none>
Path params:	<none>
Headers:		Authorization=Bearer 941772c939576f3e1998a1ddfb7ce810dc899247e089ef002b2f78eb32750349
				Accept=*/*
Cookies:		<none>
Multiparts:		<none>
Body:			<none>
status code: 404
status line: HTTP/1.1 404 Not Found
]]></system-out>
  </testcase>
  <testcase name="createUserWithJsonFileTest" classname="POSTAPITests.CreateUserAPITest" time="0.43">
    <failure message="1 expectation failed.&#10;Expected status code &lt;201&gt; but was &lt;422&gt;.&#10;" type="java.lang.AssertionError"><![CDATA[java.lang.AssertionError: 
1 expectation failed.
Expected status code <201> but was <422>.

	at java.base/jdk.internal.reflect.NativeConstructorAccessorImpl.newInstance0(Native Method)
	at java.base/jdk.internal.reflect.NativeConstructorAccessorImpl.newInstance(NativeConstructorAccessorImpl.java:77)
	at java.base/jdk.internal.reflect.DelegatingConstructorAccessorImpl.newInstance(DelegatingConstructorAccessorImpl.java:45)
	at java.base/java.lang.reflect.Constructor.newInstanceWithCaller(Constructor.java:499)
	at java.base/java.lang.reflect.Constructor.newInstance(Constructor.java:480)
	at org.codehaus.groovy.reflection.CachedConstructor.invoke(CachedConstructor.java:73)
	at org.codehaus.groovy.runtime.callsite.ConstructorSite$ConstructorSiteNoUnwrapNoCoerce.callConstructor(ConstructorSite.java:108)
	at org.codehaus.groovy.runtime.callsite.AbstractCallSite.callConstructor(AbstractCallSite.java:277)
	at io.restassured.internal.ResponseSpecificationImpl$HamcrestAssertionClosure.validate(ResponseSpecificationImpl.groovy:512)
	at io.restassured.internal.ResponseSpecificationImpl$HamcrestAssertionClosure$validate$1.call(Unknown Source)
	at io.restassured.internal.ResponseSpecificationImpl.validateResponseIfRequired(ResponseSpecificationImpl.groovy:696)
	at io.restassured.internal.ResponseSpecificationImpl.this$2$validateResponseIfRequired(ResponseSpecificationImpl.groovy)
	at jdk.internal.reflect.GeneratedMethodAccessor65.invoke(Unknown Source)
	at java.base/jdk.internal.reflect.DelegatingMethodAccessorImpl.invoke(DelegatingMethodAccessorImpl.java:43)
	at java.base/java.lang.reflect.Method.invoke(Method.java:568)
	at org.codehaus.groovy.runtime.callsite.PlainObjectMetaMethodSite.doInvoke(PlainObjectMetaMethodSite.java:43)
	at org.codehaus.groovy.runtime.callsite.PogoMetaMethodSite$PogoCachedMethodSiteNoUnwrapNoCoerce.invoke(PogoMetaMethodSite.java:198)
	at org.codehaus.groovy.runtime.callsite.PogoMetaMethodSite.callCurrent(PogoMetaMethodSite.java:62)
	at org.codehaus.groovy.runtime.callsite.AbstractCallSite.callCurrent(AbstractCallSite.java:185)
	at io.restassured.internal.ResponseSpecificationImpl.statusCode(ResponseSpecificationImpl.groovy:135)
	at io.restassured.specification.ResponseSpecification$statusCode$0.callCurrent(Unknown Source)
	at io.restassured.internal.ResponseSpecificationImpl.statusCode(ResponseSpecificationImpl.groovy:143)
	at io.restassured.internal.ValidatableResponseOptionsImpl.statusCode(ValidatableResponseOptionsImpl.java:89)
	at POSTAPITests.CreateUserAPITest.createUserWithJsonFileTest(CreateUserAPITest.java:66)
	at java.base/jdk.internal.reflect.NativeMethodAccessorImpl.invoke0(Native Method)
	at java.base/jdk.internal.reflect.NativeMethodAccessorImpl.invoke(NativeMethodAccessorImpl.java:77)
	at java.base/jdk.internal.reflect.DelegatingMethodAccessorImpl.invoke(DelegatingMethodAccessorImpl.java:43)
	at java.base/java.lang.reflect.Method.invoke(Method.java:568)
	at org.testng.internal.invokers.MethodInvocationHelper.invokeMethod(MethodInvocationHelper.java:141)
	at org.testng.internal.invokers.TestInvoker.invokeMethod(TestInvoker.java:686)
	at org.testng.internal.invokers.TestInvoker.invokeTestMethod(TestInvoker.java:230)
	at org.testng.internal.invokers.MethodRunner.runInSequence(MethodRunner.java:63)
	at org.testng.internal.invokers.TestInvoker$MethodInvocationAgent.invoke(TestInvoker.java:992)
	at org.testng.internal.invokers.TestInvoker.invokeTestMethods(TestInvoker.java:203)
	at org.testng.internal.invokers.TestMethodWorker.invokeTestMethods(TestMethodWorker.java:154)
	at org.testng.internal.invokers.TestMethodWorker.run(TestMethodWorker.java:134)
	at java.base/java.util.ArrayList.forEach(ArrayList.java:1511)
	at org.testng.TestRunner.privateRun(TestRunner.java:739)
	at org.testng.TestRunner.run(TestRunner.java:614)
	at org.testng.SuiteRunner.runTest(SuiteRunner.java:421)
	at org.testng.SuiteRunner.runSequentially(SuiteRunner.java:413)
	at org.testng.SuiteRunner.privateRun(SuiteRunner.java:373)
	at org.testng.SuiteRunner.run(SuiteRunner.java:312)
	at org.testng.SuiteRunnerWorker.runSuite(SuiteRunnerWorker.java:52)
	at org.testng.SuiteRunnerWorker.run(SuiteRunnerWorker.java:95)
	at org.testng.TestNG.runSuitesSequentially(TestNG.java:1274)
	at org.testng.TestNG.runSuitesLocally(TestNG.java:1208)
	at org.testng.TestNG.runSuites(TestNG.java:1112)
	at org.testng.TestNG.run(TestNG.java:1079)
	at org.apache.maven.surefire.testng.TestNGExecutor.run(TestNGExecutor.java:155)
	at org.apache.maven.surefire.testng.TestNGDirectoryTestSuite.executeMulti(TestNGDirectoryTestSuite.java:169)
	at org.apache.maven.surefire.testng.TestNGDirectoryTestSuite.execute(TestNGDirectoryTestSuite.java:88)
	at org.apache.maven.surefire.testng.TestNGProvider.invoke(TestNGProvider.java:137)
	at org.apache.maven.surefire.booter.ForkedBooter.runSuitesInProcess(ForkedBooter.java:385)
	at org.apache.maven.surefire.booter.ForkedBooter.execute(ForkedBooter.java:162)
	at org.apache.maven.surefire.booter.ForkedBooter.run(ForkedBooter.java:507)
	at org.apache.maven.surefire.booter.ForkedBooter.main(ForkedBooter.java:495)
]]></failure>
    <system-out><![CDATA[Request method:	POST
Request URI:	https://gorest.co.in/public/v2/users
Proxy:			<none>
Request params:	<none>
Query params:	<none>
Form params:	<none>
Path params:	<none>
Headers:		Authorization=Bearer d0bf1714ac04c10dd2982e009d2dffe694a8e0b53af518cb7370e41e046a72f6
				Accept=*/*
				Content-Type=application/json
Cookies:		<none>
Multiparts:		<none>
Body:
./src/test/resource/jsons/user.json
HTTP/1.1 422 Unprocessable Entity
Date: Sat, 04 Oct 2025 14:45:37 GMT
Content-Type: application/json; charset=utf-8
Content-Length: 42
Connection: keep-alive
Cache-Control: no-cache
feature-policy: camera 'none'; gyroscope 'none'; microphone 'none'; usb 'none'; fullscreen 'self'
referrer-policy: strict-origin-when-cross-origin
vary: Origin
x-content-type-options: nosniff
x-download-options: noopen
x-frame-options: SAMEORIGIN
x-permitted-cross-domain-policies: none
x-ratelimit-limit: 90
x-ratelimit-remaining: 89
x-ratelimit-reset: 1
x-request-id: 30ffdaff-72ff-4a33-b90d-632888dd07de
x-runtime: 0.051751
x-xss-protection: 0
cf-cache-status: DYNAMIC
Nel: {"report_to":"cf-nel","success_fraction":0.0,"max_age":604800}
Report-To: {"group":"cf-nel","max_age":604800,"endpoints":[{"url":"https://a.nel.cloudflare.com/report/v4?s=%2FUSy39kYe9YF2O53GCror3j9OZEA0EJXlVOtUqmTOq%2BV0iR5LRBexKVWxDoZWVFIrMXTrj%2F9GxJ7mpr4BYn4Lmt09a%2BShkF5GqH%2BXA%3D%3D"}]}
Server: cloudflare
CF-RAY: 989576ca1c18a452-SIN
alt-svc: h3=":443"; ma=86400

[
    {
        "field": "email",
        "message": "is invalid"
    }
]
]]></system-out>
  </testcase>
  <testcase name="createUserWithJsonFileWithEmailReplacementTest" classname="POSTAPITests.CreateUserAPITest" time="0.42">
    <system-out><![CDATA[Request method:	POST
Request URI:	https://gorest.co.in/public/v2/users
Proxy:			<none>
Request params:	<none>
Query params:	<none>
Form params:	<none>
Path params:	<none>
Headers:		Authorization=Bearer d0bf1714ac04c10dd2982e009d2dffe694a8e0b53af518cb7370e41e046a72f6
				Accept=*/*
				Content-Type=application/json
Cookies:		<none>
Multiparts:		<none>
Body:
{
    "name": "Api Automation",
    "email": "apiautomation1759589136847@opencart.com",
    "gender": "male",
    "status": "active"
}
HTTP/1.1 201 Created
Date: Sat, 04 Oct 2025 14:45:37 GMT
Content-Type: application/json; charset=utf-8
Content-Length: 122
Connection: keep-alive
Cache-Control: max-age=0, private, must-revalidate
etag: W/"ae15d7d7df3f818b88ec3493822eb25a"
feature-policy: camera 'none'; gyroscope 'none'; microphone 'none'; usb 'none'; fullscreen 'self'
location: https://gorest.co.in/public/v2/users/8166963
referrer-policy: strict-origin-when-cross-origin
vary: Origin
x-content-type-options: nosniff
x-download-options: noopen
x-frame-options: SAMEORIGIN
x-permitted-cross-domain-policies: none
x-ratelimit-limit: 90
x-ratelimit-remaining: 89
x-ratelimit-reset: 2
x-request-id: 89b44e40-7b7f-40df-a4c5-1b465b7a52a3
x-runtime: 0.052798
x-xss-protection: 0
cf-cache-status: DYNAMIC
Nel: {"report_to":"cf-nel","success_fraction":0.0,"max_age":604800}
Report-To: {"group":"cf-nel","max_age":604800,"endpoints":[{"url":"https://a.nel.cloudflare.com/report/v4?s=SsTEGq%2FW9nM9SM94fCzvTAp6y8AWISjDBQBI%2F8ukHDbkbj8Ny33zlQqoY1p7S0kPNJdaNhCBziAcdBlB3MzNWfHpDATgv8wxaGS3Wg%3D%3D"}]}
Server: cloudflare
CF-RAY: 989576ccae681e93-SIN
alt-svc: h3=":443"; ma=86400

{
    "id": 8166963,
    "name": "Api Automation",
    "email": "apiautomation1759589136847@opencart.com",
    "gender": "male",
    "status": "active"
}
user id: 8166963
]]></system-out>
  </testcase>
  <testcase name="createUserWithJsonStringTest" classname="POSTAPITests.CreateUserAPITest" time="0.441">
    <system-out><![CDATA[Request method:	POST
Request URI:	https://gorest.co.in/public/v2/users
Proxy:			<none>
Request params:	<none>
Query params:	<none>
Form params:	<none>
Path params:	<none>
Headers:		Authorization=Bearer d0bf1714ac04c10dd2982e009d2dffe694a8e0b53af518cb7370e41e046a72f6
				Accept=*/*
				Content-Type=application/json
Cookies:		<none>
Multiparts:		<none>
Body:
{
    "name": "Api Automation",
    "gender": "male",
    "email": "apiautomation1759589137268@opencart.com",
    "status": "active"
}
HTTP/1.1 201 Created
Date: Sat, 04 Oct 2025 14:45:37 GMT
Content-Type: application/json; charset=utf-8
Content-Length: 122
Connection: keep-alive
Cache-Control: max-age=0, private, must-revalidate
etag: W/"24aa601992a7a73c8357053f47805c24"
feature-policy: camera 'none'; gyroscope 'none'; microphone 'none'; usb 'none'; fullscreen 'self'
location: https://gorest.co.in/public/v2/users/8166964
referrer-policy: strict-origin-when-cross-origin
vary: Origin
x-content-type-options: nosniff
x-download-options: noopen
x-frame-options: SAMEORIGIN
x-permitted-cross-domain-policies: none
x-ratelimit-limit: 90
x-ratelimit-remaining: 88
x-ratelimit-reset: 2
x-request-id: 7aad6816-0038-478c-9f97-3a2e7f35afb8
x-runtime: 0.055204
x-xss-protection: 0
cf-cache-status: DYNAMIC
Nel: {"report_to":"cf-nel","success_fraction":0.0,"max_age":604800}
Report-To: {"group":"cf-nel","max_age":604800,"endpoints":[{"url":"https://a.nel.cloudflare.com/report/v4?s=zGUza%2FWizxoW6cHpODwChbijliFr9P9zo2sezxjTDbB2%2FPTpO1pmbWhfxMC1YcGkqCqkWJVaQU%2B66RuJFwdmK6JMdqCSUzCsEfXLgQ%3D%3D"}]}
Server: cloudflare
CF-RAY: 989576cf5e30a036-SIN
alt-svc: h3=":443"; ma=86400

{
    "id": 8166964,
    "name": "Api Automation",
    "email": "apiautomation1759589137268@opencart.com",
    "gender": "male",
    "status": "active"
}
]]></system-out>
  </testcase>
  <testcase name="createAUserTest" classname="CreateUserWithPostAPI.CreateUserAPITest" time="0.854">
    <system-out><![CDATA[----------------------EMAIL ID  ----------------------apiautomation1759589137708@opencart.com
----------------------updatedJson ----------------------{
    "name": "Api Automation",
    "email": "apiautomation1759589137708@opencart.com",
    "gender": "male",
    "status": "active"
}
----------------------POST CALL ----------------------
Request method:	POST
Request URI:	https://gorest.co.in/public/v2/users
Proxy:			<none>
Request params:	<none>
Query params:	<none>
Form params:	<none>
Path params:	<none>
Headers:		Authorization=Bearer d0bf1714ac04c10dd2982e009d2dffe694a8e0b53af518cb7370e41e046a72f6
				Accept=*/*
				Content-Type=application/json
Cookies:		<none>
Multiparts:		<none>
Body:
{
    "name": "Api Automation",
    "email": "apiautomation1759589137708@opencart.com",
    "gender": "male",
    "status": "active"
}
HTTP/1.1 201 Created
Date: Sat, 04 Oct 2025 14:45:38 GMT
Content-Type: application/json; charset=utf-8
Content-Length: 122
Connection: keep-alive
Cache-Control: max-age=0, private, must-revalidate
etag: W/"86172dc625a70d5a01222fb215b4ccd2"
feature-policy: camera 'none'; gyroscope 'none'; microphone 'none'; usb 'none'; fullscreen 'self'
location: https://gorest.co.in/public/v2/users/8166965
referrer-policy: strict-origin-when-cross-origin
vary: Origin
x-content-type-options: nosniff
x-download-options: noopen
x-frame-options: SAMEORIGIN
x-permitted-cross-domain-policies: none
x-ratelimit-limit: 90
x-ratelimit-remaining: 87
x-ratelimit-reset: 3
x-request-id: 63a1f1ae-cdc3-4ab5-aef8-4f913b3d2e53
x-runtime: 0.062737
x-xss-protection: 0
cf-cache-status: DYNAMIC
Nel: {"report_to":"cf-nel","success_fraction":0.0,"max_age":604800}
Report-To: {"group":"cf-nel","max_age":604800,"endpoints":[{"url":"https://a.nel.cloudflare.com/report/v4?s=ls92meZJCdXzIFA0J9XRMsfPtAm%2Br%2BCUA5g5N0T6zF%2FHX%2FMc0LxbXZZ0AB1F3o%2F8gnfycgHUu0IJxtO1a4bnky1%2FNToijXoa4HWBtw%3D%3D"}]}
Server: cloudflare
CF-RAY: 989576d22afe1ff3-SIN
alt-svc: h3=":443"; ma=86400

{
    "id": 8166965,
    "name": "Api Automation",
    "email": "apiautomation1759589137708@opencart.com",
    "gender": "male",
    "status": "active"
}
user id: 8166965
----------------------GET CALL ----------------------
Request method:	GET
Request URI:	https://gorest.co.in/public/v2/users/8166965
Proxy:			<none>
Request params:	<none>
Query params:	<none>
Form params:	<none>
Path params:	<none>
Headers:		Authorization=Bearer d0bf1714ac04c10dd2982e009d2dffe694a8e0b53af518cb7370e41e046a72f6
				Accept=*/*
Cookies:		<none>
Multiparts:		<none>
Body:			<none>
HTTP/1.1 200 OK
Date: Sat, 04 Oct 2025 14:45:38 GMT
Content-Type: application/json; charset=utf-8
Transfer-Encoding: chunked
Connection: keep-alive
Cache-Control: max-age=0, private, must-revalidate
etag: W/"86172dc625a70d5a01222fb215b4ccd2"
feature-policy: camera 'none'; gyroscope 'none'; microphone 'none'; usb 'none'; fullscreen 'self'
referrer-policy: strict-origin-when-cross-origin
vary: Origin
x-content-type-options: nosniff
x-download-options: noopen
x-frame-options: SAMEORIGIN
x-permitted-cross-domain-policies: none
x-ratelimit-limit: 90
x-ratelimit-remaining: 86
x-ratelimit-reset: 4
x-request-id: bb350b31-5cdb-465c-9822-57f936fe5d8e
x-runtime: 0.037789
x-xss-protection: 0
cf-cache-status: DYNAMIC
Nel: {"report_to":"cf-nel","success_fraction":0.0,"max_age":604800}
Report-To: {"group":"cf-nel","max_age":604800,"endpoints":[{"url":"https://a.nel.cloudflare.com/report/v4?s=QxLja4KJmgkSMDITw2VHJp4JGw5o7ScMLq9VmIa2Az%2FWHkcSL49V%2BlMPhTiB8FGmLaieMgXDgZS0pTbd5J2G45kW98wpRWjlSlQZ7Q%3D%3D"}]}
Content-Encoding: gzip
Server: cloudflare
CF-RAY: 989576d4dd78ce0d-SIN
alt-svc: h3=":443"; ma=86400

{
    "id": 8166965,
    "name": "Api Automation",
    "email": "apiautomation1759589137708@opencart.com",
    "gender": "male",
    "status": "active"
}
]]></system-out>
  </testcase>
</testsuite>