<?xml version="1.0" encoding="UTF-8"?>
<testng-results ignored="0" total="1" passed="1" failed="0" skipped="0">
  <reporter-output>
  </reporter-output>
  <suite started-at="2025-11-09T17:09:12 IST" name="Default suite" finished-at="2025-11-09T17:09:14 IST" duration-ms="1627">
    <groups>
    </groups>
    <test started-at="2025-11-09T17:09:12 IST" name="Default test" finished-at="2025-11-09T17:09:14 IST" duration-ms="1627">
      <class name="FakeUserAPITest.CreateAFakeUserTest">
        <test-method signature="createAPetTest()[pri:0, instance:FakeUserAPITest.CreateAFakeUserTest@6fe7aac8]" started-at="2025-11-09T17:09:12 IST" name="createAPetTest" finished-at="2025-11-09T17:09:14 IST" duration-ms="1609" status="PASS">
          <reporter-output>
          </reporter-output>
        </test-method> <!-- createAPetTest -->
      </class> <!-- FakeUserAPITest.CreateAFakeUserTest -->
    </test> <!-- Default test -->
  </suite> <!-- Default suite -->
</testng-results>
