<?xml version="1.0" encoding="UTF-8"?>
<!-- Generated by org.testng.reporters.JUnitReportReporter -->
<testsuite hostname="m-q6g41q0rdc" failures="0" tests="2" name="GetAPIwithBDD.GetRestAPIBDDTest" time="3.878" errors="0" timestamp="2025-09-28T16:06:19 IST" skipped="0">
  <testcase classname="GetAPIwithBDD.GetRestAPIBDDTest" name="getSingleUserTest" time="1.717"/>
  <testcase classname="GetAPIwithBDD.GetRestAPIBDDTest" name="authTest" time="2.161"/>
</testsuite> <!-- GetAPIwithBDD.GetRestAPIBDDTest -->
