<?xml version="1.0" encoding="UTF-8"?>
<!-- Generated by org.testng.reporters.JUnitReportReporter -->
<testsuite hostname="m-q6g41q0rdc" failures="0" tests="1" name="RequestResponseSpecificationConcept.RequestResponseSpecificationConcept" time="1.572" errors="0" timestamp="2025-10-26T23:39:35 IST" skipped="0">
  <testcase classname="RequestResponseSpecificationConcept.RequestResponseSpecificationConcept" name="authTest" time="1.572"/>
</testsuite> <!-- RequestResponseSpecificationConcept.RequestResponseSpecificationConcept -->
