<?xml version="1.0" encoding="UTF-8"?>
<!-- Generated by org.testng.reporters.JUnitReportReporter -->
<testsuite hostname="m-q6g41q0rdc" failures="0" tests="3" name="PETAPIWithLombok.CreatePetAPITest" time="5.669" errors="0" timestamp="2025-10-12T22:19:54 IST" skipped="0">
  <testcase classname="PETAPIWithLombok.CreatePetAPITest" name="createAPetTest" time="2.249"/>
  <testcase classname="PETAPIWithLombok.CreatePetAPITest" name="createAPetUsingBuilderTest" time="1.515"/>
  <testcase classname="PETAPIWithLombok.CreatePetAPITest" name="createAPetWithAssertionsTest" time="1.905"/>
</testsuite> <!-- PETAPIWithLombok.CreatePetAPITest -->
