<?xml version="1.0" encoding="UTF-8"?>
<!-- Generated by org.testng.reporters.JUnitReportReporter -->
<testsuite hostname="m-q6g41q0rdc" failures="0" tests="2" name="GetAPIwithBDD.GetUserWithPathParam" time="6.832" errors="0" timestamp="2025-09-28T17:18:04 IST" skipped="0">
  <testcase classname="GetAPIwithBDD.GetUserWithPathParam" name="getSingleUsersTest" time="3.881"/>
  <testcase classname="GetAPIwithBDD.GetUserWithPathParam" name="getAllUsersWithQueryAndPathParamsTest" time="2.951"/>
</testsuite> <!-- GetAPIwithBDD.GetUserWithPathParam -->
