<?xml version="1.0" encoding="UTF-8"?>
<!-- Generated by org.testng.reporters.JUnitReportReporter -->
<testsuite hostname="m-q6g41q0rdc" failures="0" tests="2" name="CreateUserWithPOJOAndLombok.CreateUserUsingPOJOLombokTest" time="9.150" errors="0" timestamp="2025-10-12T21:57:17 IST" skipped="0">
  <testcase classname="CreateUserWithPOJOAndLombok.CreateUserUsingPOJOLombokTest" name="createUserTest" time="6.658"/>
  <testcase classname="CreateUserWithPOJOAndLombok.CreateUserUsingPOJOLombokTest" name="createUserWithPOJOLombokBuilderTest" time="2.492"/>
</testsuite> <!-- CreateUserWithPOJOAndLombok.CreateUserUsingPOJOLombokTest -->
