<?xml version="1.0" encoding="UTF-8"?>
<!-- Generated by org.testng.reporters.JUnitReportReporter -->
<testsuite hostname="m-q6g41q0rdc" failures="0" tests="2" name="GetAPIwithBDD.GoRestAPIsTest" time="4.142" errors="0" timestamp="2025-09-28T16:20:45 IST" skipped="0">
  <testcase classname="GetAPIwithBDD.GoRestAPIsTest" name="getAllUsersTest" time="2.652"/>
  <testcase classname="GetAPIwithBDD.GoRestAPIsTest" name="getSingleUsersTest" time="1.490"/>
</testsuite> <!-- GetAPIwithBDD.GoRestAPIsTest -->
