<?xml version="1.0" encoding="UTF-8"?>
<!-- Generated by org.testng.reporters.JUnitReportReporter -->
<testsuite hostname="m-q6g41q0rdc" failures="0" tests="3" name="RequestResponseSpecificationConcept.RequestSepcTest" time="4.542" errors="0" timestamp="2025-10-26T23:28:32 IST" skipped="0">
  <testcase classname="RequestResponseSpecificationConcept.RequestSepcTest" name="goRestAPIWithQueryParamTest" time="0.772"/>
  <testcase classname="RequestResponseSpecificationConcept.RequestSepcTest" name="goRestAPITest" time="2.137"/>
  <testcase classname="RequestResponseSpecificationConcept.RequestSepcTest" name="reqResSepcTest" time="1.633"/>
</testsuite> <!-- RequestResponseSpecificationConcept.RequestSepcTest -->
