<?xml version="1.0" encoding="UTF-8"?>
<!-- Generated by org.testng.reporters.JUnitReportReporter -->
<testsuite hostname="m-q6g41q0rdc" failures="0" tests="1" name="POSTAPIWithDifferentBodyTypes.POSTAPIWithDifferentBodyTest" time="3.402" errors="0" timestamp="2025-09-28T15:31:13 IST" skipped="0">
  <testcase classname="POSTAPIWithDifferentBodyTypes.POSTAPIWithDifferentBodyTest" name="bodyWithSingleXLSxFileTest" time="3.402"/>
</testsuite> <!-- POSTAPIWithDifferentBodyTypes.POSTAPIWithDifferentBodyTest -->
