<?xml version="1.0" encoding="UTF-8"?>
<!-- Generated by org.testng.reporters.JUnitReportReporter -->
<testsuite hostname="m-q6g41q0rdc" failures="0" tests="8" name="POSTAPIWithDifferentBodyTypes.POSTAPIWithDifferentBodyTest" time="21.866" errors="0" timestamp="2025-10-04T20:15:39 IST" skipped="0">
  <testcase classname="POSTAPIWithDifferentBodyTypes.POSTAPIWithDifferentBodyTest" name="bodyWithSinglePDFFileTest" time="3.799"/>
  <testcase classname="POSTAPIWithDifferentBodyTypes.POSTAPIWithDifferentBodyTest" name="bodyWithFormDataMultipPartTest" time="4.339"/>
  <testcase classname="POSTAPIWithDifferentBodyTypes.POSTAPIWithDifferentBodyTest" name="bodyWithTextTest" time="1.838"/>
  <testcase classname="POSTAPIWithDifferentBodyTypes.POSTAPIWithDifferentBodyTest" name="bodyWithSingleXLSxFileTest" time="2.915"/>
  <testcase classname="POSTAPIWithDifferentBodyTypes.POSTAPIWithDifferentBodyTest" name="bodyWithXMLTest" time="2.214"/>
  <testcase classname="POSTAPIWithDifferentBodyTypes.POSTAPIWithDifferentBodyTest" name="bodyWithSingleCSVFileTest" time="4.027"/>
  <testcase classname="POSTAPIWithDifferentBodyTypes.POSTAPIWithDifferentBodyTest" name="bodyWithJSONTest" time="0.416"/>
  <testcase classname="POSTAPIWithDifferentBodyTypes.POSTAPIWithDifferentBodyTest" name="bodyWithHTMLTest" time="2.318"/>
</testsuite> <!-- POSTAPIWithDifferentBodyTypes.POSTAPIWithDifferentBodyTest -->
